Virtual User Script started at: 2/28/2019 5:22:43 PM
Starting action vuser_init.
Web Turbo Replay of LoadRunner 12.60.0 for Windows 10; build 971 (Aug 09 2018 11:27:13)  	[MsgId: MMSG-26983]
Run mode: HTML  	[MsgId: MMSG-26993]
Replay user agent: Mozilla/5.0 (Windows NT 10.0; Win64; x64) AppleWebKit/537.36 (KHTML, like Gecko) Chrome/72.0.3626.119 Safari/537.36  	[MsgId: MMSG-26988]
Runtime Settings file: "C:\Users\Dell\Documents\VuGen\Scripts\BOR_SC004_Account\\default.cfg"  	[MsgId: MMSG-27141]
BOR_ModuleApproach.h(5): web_set_sockets_option started  	[MsgId: MMSG-26355]
BOR_ModuleApproach.h(5): web_set_sockets_option was successful  	[MsgId: MMSG-26392]
BOR_ModuleApproach.h(8): web_reg_save_param started  	[MsgId: MMSG-26355]
BOR_ModuleApproach.h(8): Registering web_reg_save_param was successful  	[MsgId: MMSG-26390]
BOR_ModuleApproach.h(10): web_reg_find started  	[MsgId: MMSG-26355]
BOR_ModuleApproach.h(10): Registering web_reg_find was successful  	[MsgId: MMSG-26390]
BOR_ModuleApproach.h(12): Notify: Transaction "BOR_SC001_T001_Launch" started.
BOR_ModuleApproach.h(13): web_url("Launch") started  	[MsgId: MMSG-26355]
BOR_ModuleApproach.h(13): Found resource "http://demo.borland.com/InsuranceWebExtJS/css/style.css" in HTML "http://demo.borland.com/InsuranceWebExtJS/"  	[MsgId: MMSG-26659]
BOR_ModuleApproach.h(13): Found resource "http://demo.borland.com/InsuranceWebExtJS/javascript/menu.js" in HTML "http://demo.borland.com/InsuranceWebExtJS/"  	[MsgId: MMSG-26659]
BOR_ModuleApproach.h(13): Found resource "http://demo.borland.com/InsuranceWebExtJS/images/tiles.png" in HTML "http://demo.borland.com/InsuranceWebExtJS/"  	[MsgId: MMSG-26659]
BOR_ModuleApproach.h(13): Found resource "http://demo.borland.com/InsuranceWebExtJS/images/login.gif;jsessionid=56D72EA72A729F7613ED2DF3F3695970" in HTML "http://demo.borland.com/InsuranceWebExtJS/"  	[MsgId: MMSG-26659]
BOR_ModuleApproach.h(13): Found resource "http://demo.borland.com/InsuranceWebExtJS/images/signup.gif;jsessionid=56D72EA72A729F7613ED2DF3F3695970" in HTML "http://demo.borland.com/InsuranceWebExtJS/"  	[MsgId: MMSG-26659]
BOR_ModuleApproach.h(13): Found resource "http://demo.borland.com/InsuranceWebExtJS/images/profile.gif" in HTML "http://demo.borland.com/InsuranceWebExtJS/"  	[MsgId: MMSG-26659]
BOR_ModuleApproach.h(13): Found resource "http://demo.borland.com/InsuranceWebExtJS/images/main_services.gif" in HTML "http://demo.borland.com/InsuranceWebExtJS/"  	[MsgId: MMSG-26659]
BOR_ModuleApproach.h(13): Found resource "http://demo.borland.com/InsuranceWebExtJS/images/highlights.gif" in HTML "http://demo.borland.com/InsuranceWebExtJS/"  	[MsgId: MMSG-26659]
BOR_ModuleApproach.h(13): Found resource "http://demo.borland.com/InsuranceWebExtJS/images/spacer.gif" in HTML "http://demo.borland.com/InsuranceWebExtJS/"  	[MsgId: MMSG-26659]
BOR_ModuleApproach.h(13): Found resource "http://demo.borland.com/InsuranceWebExtJS/images/submit2.gif" in HTML "http://demo.borland.com/InsuranceWebExtJS/"  	[MsgId: MMSG-26659]
BOR_ModuleApproach.h(13): Registered web_reg_find successful for "Text=Our innovative" (count=1)  	[MsgId: MMSG-26364]
BOR_ModuleApproach.h(13): web_url("Launch") was successful, 108298 body bytes, 3312 header bytes  	[MsgId: MMSG-26386]
BOR_ModuleApproach.h(27): Notify: Transaction "BOR_SC001_T001_Launch" ended with a "Pass" status (Duration: 11.1506 Wasted Time: 0.2377).
BOR_ModuleApproach.h(36): web_reg_find started  	[MsgId: MMSG-26355]
BOR_ModuleApproach.h(36): Registering web_reg_find was successful  	[MsgId: MMSG-26390]
BOR_ModuleApproach.h(38): Notify: Transaction "BOR_SC001_T002_LogIn" started.
BOR_ModuleApproach.h(39): web_submit_data("LogIn") started  	[MsgId: MMSG-26355]
BOR_ModuleApproach.h(39): Resource "http://demo.borland.com/InsuranceWebExtJS/css/style.css" is in the cache already and will not be downloaded again  	[MsgId: MMSG-26655]
BOR_ModuleApproach.h(39): Resource "http://demo.borland.com/InsuranceWebExtJS/javascript/menu.js" is in the cache already and will not be downloaded again  	[MsgId: MMSG-26655]
BOR_ModuleApproach.h(39): Resource "http://demo.borland.com/InsuranceWebExtJS/images/tiles.png" is in the cache already and will not be downloaded again  	[MsgId: MMSG-26655]
BOR_ModuleApproach.h(39): Resource "http://demo.borland.com/InsuranceWebExtJS/images/spacer.gif" is in the cache already and will not be downloaded again  	[MsgId: MMSG-26655]
BOR_ModuleApproach.h(39): Found resource "http://demo.borland.com/InsuranceWebExtJS/images/details.gif" in HTML "http://demo.borland.com/InsuranceWebExtJS/index.jsf;jsessionid=56D72EA72A729F7613ED2DF3F3695970"  	[MsgId: MMSG-26659]
BOR_ModuleApproach.h(39): Found resource "http://demo.borland.com/InsuranceWebExtJS/images/logout.gif" in HTML "http://demo.borland.com/InsuranceWebExtJS/index.jsf;jsessionid=56D72EA72A729F7613ED2DF3F3695970"  	[MsgId: MMSG-26659]
BOR_ModuleApproach.h(39): Resource "http://demo.borland.com/InsuranceWebExtJS/images/profile.gif" is in the cache already and will not be downloaded again  	[MsgId: MMSG-26655]
BOR_ModuleApproach.h(39): Resource "http://demo.borland.com/InsuranceWebExtJS/images/main_services.gif" is in the cache already and will not be downloaded again  	[MsgId: MMSG-26655]
BOR_ModuleApproach.h(39): Resource "http://demo.borland.com/InsuranceWebExtJS/images/highlights.gif" is in the cache already and will not be downloaded again  	[MsgId: MMSG-26655]
BOR_ModuleApproach.h(39): Resource "http://demo.borland.com/InsuranceWebExtJS/images/submit2.gif" is in the cache already and will not be downloaded again  	[MsgId: MMSG-26655]
BOR_ModuleApproach.h(39): Registered web_reg_find successful for "Text=Logged" (count=1)  	[MsgId: MMSG-26364]
BOR_ModuleApproach.h(39): web_submit_data("LogIn") was successful, 5909 body bytes, 1037 header bytes  	[MsgId: MMSG-26386]
BOR_ModuleApproach.h(61): Notify: Transaction "BOR_SC001_T002_LogIn" ended with a "Pass" status (Duration: 2.4561 Wasted Time: 0.1119).
Ending action vuser_init.
Running Vuser...
Starting iteration 1.
Starting action Action.
Now We are on iteration ###1
BOR_ModuleApproach.h(69): web_reg_find started  	[MsgId: MMSG-26355]
BOR_ModuleApproach.h(69): Registering web_reg_find was successful  	[MsgId: MMSG-26390]
BOR_ModuleApproach.h(70): Notify: Transaction "BOR_SC001_T003_AgentLookUp" started.
BOR_ModuleApproach.h(71): web_url("AgentLookUp") started  	[MsgId: MMSG-26355]
BOR_ModuleApproach.h(71): Resource "http://demo.borland.com/InsuranceWebExtJS/css/style.css" is in the cache already and will not be downloaded again  	[MsgId: MMSG-26655]
BOR_ModuleApproach.h(71): Resource "http://demo.borland.com/InsuranceWebExtJS/javascript/menu.js" is in the cache already and will not be downloaded again  	[MsgId: MMSG-26655]
BOR_ModuleApproach.h(71): Found resource "http://demo.borland.com/InsuranceWebExtJS/images/tilesV.png" in HTML "http://demo.borland.com/InsuranceWebExtJS/agent_lookup.jsf"  	[MsgId: MMSG-26659]
BOR_ModuleApproach.h(71): Found resource "http://demo.borland.com/InsuranceWebExtJS/images/search.gif" in HTML "http://demo.borland.com/InsuranceWebExtJS/agent_lookup.jsf"  	[MsgId: MMSG-26659]
BOR_ModuleApproach.h(71): Found resource "http://demo.borland.com/InsuranceWebExtJS/images/or.jpg" in HTML "http://demo.borland.com/InsuranceWebExtJS/agent_lookup.jsf"  	[MsgId: MMSG-26659]
BOR_ModuleApproach.h(71): Registered web_reg_find successful for "Text=Get in touch" (count=1)  	[MsgId: MMSG-26364]
BOR_ModuleApproach.h(71): web_url("AgentLookUp") was successful, 90911 body bytes, 1209 header bytes  	[MsgId: MMSG-26386]
BOR_ModuleApproach.h(85): Notify: Transaction "BOR_SC001_T003_AgentLookUp" ended with a "Pass" status (Duration: 4.8579 Wasted Time: 0.1560).
Action.c(12): web_reg_find started  	[MsgId: MMSG-26355]
Action.c(12): Registering web_reg_find was successful  	[MsgId: MMSG-26390]
Action.c(13): Notify: Transaction "BOR_SC004_T004_Account" started.
Action.c(15): web_submit_data("Account") started  	[MsgId: MMSG-26355]
Action.c(15): Found resource "http://demo.borland.com/InsuranceWebExtJS/ext/resources/css/ext-all.css" in HTML "http://demo.borland.com/InsuranceWebExtJS/agent_lookup.jsf"  	[MsgId: MMSG-26659]
Action.c(15): Resource "http://demo.borland.com/InsuranceWebExtJS/css/style.css" is in the cache already and will not be downloaded again  	[MsgId: MMSG-26655]
Action.c(15): Found resource "http://demo.borland.com/InsuranceWebExtJS/ext/adapter/ext/ext-base-debug.js" in HTML "http://demo.borland.com/InsuranceWebExtJS/agent_lookup.jsf"  	[MsgId: MMSG-26659]
Action.c(15): Found resource "http://demo.borland.com/InsuranceWebExtJS/ext/ext-all-debug.js" in HTML "http://demo.borland.com/InsuranceWebExtJS/agent_lookup.jsf"  	[MsgId: MMSG-26659]
Action.c(15): Found resource "http://demo.borland.com/InsuranceWebExtJS/javascript/serializer.js" in HTML "http://demo.borland.com/InsuranceWebExtJS/agent_lookup.jsf"  	[MsgId: MMSG-26659]
Action.c(15): Resource "http://demo.borland.com/InsuranceWebExtJS/javascript/menu.js" is in the cache already and will not be downloaded again  	[MsgId: MMSG-26655]
Action.c(15): Found resource "http://demo.borland.com/InsuranceWebExtJS/javascript/quoteTable.js" in HTML "http://demo.borland.com/InsuranceWebExtJS/agent_lookup.jsf"  	[MsgId: MMSG-26659]
Action.c(15): Resource "http://demo.borland.com/InsuranceWebExtJS/images/tilesV.png" is in the cache already and will not be downloaded again  	[MsgId: MMSG-26655]
Action.c(15): Registered web_reg_find successful for "Text=Contact Information" (count=1)  	[MsgId: MMSG-26364]
Action.c(15): web_submit_data("Account") was successful, 1547074 body bytes, 1873 header bytes  	[MsgId: MMSG-26386]
Action.c(33): Notify: Transaction "BOR_SC004_T004_Account" ended with a "Pass" status (Duration: 6.0590 Wasted Time: 0.3891).
Action.c(36): web_save_timestamp_param("web_save_timestamp_param") started  	[MsgId: MMSG-26355]
Action.c(36): web_save_timestamp_param("web_save_timestamp_param") was successful  	[MsgId: MMSG-26392]
Action.c(37): Timestamp: 1551354811008
Action.c(38): web_url("quoteData.jsf") started  	[MsgId: MMSG-26355]
Action.c(38): web_url("quoteData.jsf") was successful, 2 body bytes, 326 header bytes  	[MsgId: MMSG-26386]
BOR_ModuleApproach.h(92): web_reg_find started  	[MsgId: MMSG-26355]
BOR_ModuleApproach.h(92): Registering web_reg_find was successful  	[MsgId: MMSG-26390]
BOR_ModuleApproach.h(93): Notify: Transaction "BOR_SC001_T005_Home" started.
BOR_ModuleApproach.h(94): web_url("Home") started  	[MsgId: MMSG-26355]
BOR_ModuleApproach.h(94): Resource "http://demo.borland.com/InsuranceWebExtJS/css/style.css" is in the cache already and will not be downloaded again  	[MsgId: MMSG-26655]
BOR_ModuleApproach.h(94): Resource "http://demo.borland.com/InsuranceWebExtJS/javascript/menu.js" is in the cache already and will not be downloaded again  	[MsgId: MMSG-26655]
BOR_ModuleApproach.h(94): Resource "http://demo.borland.com/InsuranceWebExtJS/images/tiles.png" is in the cache already and will not be downloaded again  	[MsgId: MMSG-26655]
BOR_ModuleApproach.h(94): Resource "http://demo.borland.com/InsuranceWebExtJS/images/spacer.gif" is in the cache already and will not be downloaded again  	[MsgId: MMSG-26655]
BOR_ModuleApproach.h(94): Resource "http://demo.borland.com/InsuranceWebExtJS/images/details.gif" is in the cache already and will not be downloaded again  	[MsgId: MMSG-26655]
BOR_ModuleApproach.h(94): Resource "http://demo.borland.com/InsuranceWebExtJS/images/logout.gif" is in the cache already and will not be downloaded again  	[MsgId: MMSG-26655]
BOR_ModuleApproach.h(94): Resource "http://demo.borland.com/InsuranceWebExtJS/images/profile.gif" is in the cache already and will not be downloaded again  	[MsgId: MMSG-26655]
BOR_ModuleApproach.h(94): Resource "http://demo.borland.com/InsuranceWebExtJS/images/main_services.gif" is in the cache already and will not be downloaded again  	[MsgId: MMSG-26655]
BOR_ModuleApproach.h(94): Resource "http://demo.borland.com/InsuranceWebExtJS/images/highlights.gif" is in the cache already and will not be downloaded again  	[MsgId: MMSG-26655]
BOR_ModuleApproach.h(94): Resource "http://demo.borland.com/InsuranceWebExtJS/images/submit2.gif" is in the cache already and will not be downloaded again  	[MsgId: MMSG-26655]
BOR_ModuleApproach.h(94): Registered web_reg_find successful for "Text=Logged" (count=1)  	[MsgId: MMSG-26364]
BOR_ModuleApproach.h(94): web_url("Home") was successful, 2573 body bytes, 364 header bytes  	[MsgId: MMSG-26386]
BOR_ModuleApproach.h(108): Notify: Transaction "BOR_SC001_T005_Home" ended with a "Pass" status (Duration: 2.5080 Wasted Time: 0.0588).
Ending action Action.
Ending iteration 1.
Ending Vuser...
Starting action vuser_end.
BOR_ModuleApproach.h(116): web_reg_find started  	[MsgId: MMSG-26355]
BOR_ModuleApproach.h(116): Registering web_reg_find was successful  	[MsgId: MMSG-26390]
BOR_ModuleApproach.h(117): Notify: Transaction "BOR_SC001_T006_LogOut" started.
BOR_ModuleApproach.h(118): web_submit_data("LogOut") started  	[MsgId: MMSG-26355]
BOR_ModuleApproach.h(118): Redirecting "http://demo.borland.com/InsuranceWebExtJS/index.jsf" (redirection depth is 0)  	[MsgId: MMSG-26694]
BOR_ModuleApproach.h(118): To location "http://demo.borland.com/InsuranceWebExtJS/index.jsf"  	[MsgId: MMSG-26693]
BOR_ModuleApproach.h(118): Resource "http://demo.borland.com/InsuranceWebExtJS/css/style.css" is in the cache already and will not be downloaded again  	[MsgId: MMSG-26655]
BOR_ModuleApproach.h(118): Resource "http://demo.borland.com/InsuranceWebExtJS/javascript/menu.js" is in the cache already and will not be downloaded again  	[MsgId: MMSG-26655]
BOR_ModuleApproach.h(118): Resource "http://demo.borland.com/InsuranceWebExtJS/images/tiles.png" is in the cache already and will not be downloaded again  	[MsgId: MMSG-26655]
BOR_ModuleApproach.h(118): Found resource "http://demo.borland.com/InsuranceWebExtJS/images/login.gif" in HTML "http://demo.borland.com/InsuranceWebExtJS/index.jsf"  	[MsgId: MMSG-26659]
BOR_ModuleApproach.h(118): Found resource "http://demo.borland.com/InsuranceWebExtJS/images/signup.gif" in HTML "http://demo.borland.com/InsuranceWebExtJS/index.jsf"  	[MsgId: MMSG-26659]
BOR_ModuleApproach.h(118): Resource "http://demo.borland.com/InsuranceWebExtJS/images/profile.gif" is in the cache already and will not be downloaded again  	[MsgId: MMSG-26655]
BOR_ModuleApproach.h(118): Resource "http://demo.borland.com/InsuranceWebExtJS/images/main_services.gif" is in the cache already and will not be downloaded again  	[MsgId: MMSG-26655]
BOR_ModuleApproach.h(118): Resource "http://demo.borland.com/InsuranceWebExtJS/images/highlights.gif" is in the cache already and will not be downloaded again  	[MsgId: MMSG-26655]
BOR_ModuleApproach.h(118): Resource "http://demo.borland.com/InsuranceWebExtJS/images/spacer.gif" is in the cache already and will not be downloaded again  	[MsgId: MMSG-26655]
BOR_ModuleApproach.h(118): Resource "http://demo.borland.com/InsuranceWebExtJS/images/submit2.gif" is in the cache already and will not be downloaded again  	[MsgId: MMSG-26655]
BOR_ModuleApproach.h(118): Registered web_reg_find successful for "Text=Password" (count=2)  	[MsgId: MMSG-26364]
BOR_ModuleApproach.h(118): web_submit_data("LogOut") was successful, 5924 body bytes, 1441 header bytes  	[MsgId: MMSG-26386]
BOR_ModuleApproach.h(137): Notify: Transaction "BOR_SC001_T006_LogOut" ended with a "Pass" status (Duration: 4.3114 Wasted Time: 0.1283).
vuser_end.c(9): web_cleanup_cookies started  	[MsgId: MMSG-26355]
vuser_end.c(9): web_cleanup_cookies was successful  	[MsgId: MMSG-26392]
vuser_end.c(10): web_cache_cleanup started  	[MsgId: MMSG-26355]
vuser_end.c(10): web_cache_cleanup was successful  	[MsgId: MMSG-26392]
Ending action vuser_end.
Vuser Terminated.
