Virtual User Script started at: 1/9/2019 3:41:34 PM
Starting action vuser_init.
Web Turbo Replay of LoadRunner 12.60.0 for Windows 10; build 971 (Aug 09 2018 11:27:13)  	[MsgId: MMSG-26983]
Run mode: HTML  	[MsgId: MMSG-26993]
Replay user agent: Mozilla/5.0 (Windows NT 10.0; WOW64; Trident/7.0; rv:11.0) like Gecko  	[MsgId: MMSG-26988]
Runtime Settings file: "C:\Users\Dell\Documents\VuGen\Scripts\edshaftcomcorparver\corparverification\\default.cfg"  	[MsgId: MMSG-27141]
Ending action vuser_init.
Running Vuser...
Starting iteration 1.
Maximum number of concurrent connections per server: 6  	[MsgId: MMSG-26989]
Starting action Action.
Action.c(4): web_reg_find started  	[MsgId: MMSG-26355]
Action.c(4): Registering web_reg_find was successful  	[MsgId: MMSG-26390]
Action.c(5): web_url("ed.shaft.com") started  	[MsgId: MMSG-26355]
Action.c(5): Found resource "http://ed.shaft.com/html/themes/classic/css/aui.css?browserId=other&themeId=classic&minifierType=css&languageId=en_US&b=6201&t=1545313669000" in HTML "http://ed.shaft.com/"  	[MsgId: MMSG-26659]
Action.c(5): Found resource "http://ed.shaft.com/html/css/main.css?browserId=other&themeId=classic&minifierType=css&languageId=en_US&b=6201&t=1395140322000" in HTML "http://ed.shaft.com/"  	[MsgId: MMSG-26659]
Action.c(5): Found resource "http://ed.shaft.com/html/js/barebone.jsp?browserId=other&themeId=classic&colorSchemeId=01&minifierType=js&minifierBundleId=javascript.barebone.files&languageId=en_US&b=6201&t=1395209624000" in HTML "http://ed.shaft.com/"  	[MsgId: MMSG-26659]
Action.c(5): Found resource "http://ed.shaft.com/html/themes/classic/css/main.css?browserId=other&themeId=classic&minifierType=css&languageId=en_US&b=6201&t=1545313669000" in HTML "http://ed.shaft.com/"  	[MsgId: MMSG-26659]
Action.c(5): Found resource "http://ed.shaft.com/image/company_logo?img_id=0&t=1547008505508" in HTML "http://ed.shaft.com/"  	[MsgId: MMSG-26659]
Action.c(5): Found resource "http://ed.shaft.com/html/themes/classic/js/main.js?browserId=other&minifierType=js&languageId=en_US&b=6201&t=1545313669000" in HTML "http://ed.shaft.com/"  	[MsgId: MMSG-26659]
Action.c(5): Registered web_reg_find successful for "Text=Please" (count=18)  	[MsgId: MMSG-26364]
Action.c(5): Notify: Saving Parameter "TextVerSign = 18".
Action.c(5): web_url("ed.shaft.com") was successful, 190414 body bytes, 4149 header bytes  	[MsgId: MMSG-26386]
Action.c(15): web_add_header("X-Requested-With") started  	[MsgId: MMSG-26355]
Action.c(15): web_add_header("X-Requested-With") was successful  	[MsgId: MMSG-26392]
Action.c(19): web_reg_save_param started  	[MsgId: MMSG-26355]
Action.c(19): Registering web_reg_save_param was successful  	[MsgId: MMSG-26390]
Action.c(21): web_custom_request("login") started  	[MsgId: MMSG-26355]
Action.c(21): Redirecting "http://ed.shaft.com/c/portal/login?p_l_id=12008&windowState=exclusive" (redirection depth is 0)  	[MsgId: MMSG-26694]
Action.c(21): To location "http://ed.shaft.com/web/guest/2?p_p_id=58&p_p_lifecycle=0&p_p_state=exclusive&p_p_mode=view&saveLastPath=false&_58_struts_action=%2Flogin%2Flogin"  	[MsgId: MMSG-26693]
Action.c(21): Notify: Saving Parameter "cformDate = 1547028732527".
Action.c(21): Found resource "http://ed.shaft.com/html/themes/classic/images/common/openid.gif" in HTML "http://ed.shaft.com/web/guest/2?p_p_id=58&p_p_lifecycle=0&p_p_state=exclusive&p_p_mode=view&saveLastPath=false&_58_struts_action=%2Flogin%2Flogin"  	[MsgId: MMSG-26659]
Action.c(21): Found resource "http://ed.shaft.com/html/themes/classic/images/spacer.png" in HTML "http://ed.shaft.com/web/guest/2?p_p_id=58&p_p_lifecycle=0&p_p_state=exclusive&p_p_mode=view&saveLastPath=false&_58_struts_action=%2Flogin%2Flogin"  	[MsgId: MMSG-26659]
Action.c(21): web_custom_request("login") was successful, 1585 body bytes, 2222 header bytes  	[MsgId: MMSG-26386]
Action.c(35): web_submit_data("2") started  	[MsgId: MMSG-26355]
Action.c(35): Notify: Parameter Substitution: parameter "cformDate" =  "1547028732527"
Action.c(35): Notify: Parameter Substitution: parameter "pUser" =  "administrator@shaft.com"
Action.c(35): Notify: Parameter Substitution: parameter "pPwd" =  "Sh@ft123"
Action.c(35): Redirecting "http://ed.shaft.com/web/guest/2?p_p_id=58&p_p_lifecycle=1&p_p_state=exclusive&p_p_mode=view&_58_struts_action=%2Flogin%2Flogin" (redirection depth is 0)  	[MsgId: MMSG-26694]
Action.c(35): To location "http://ed.shaft.com/c"  	[MsgId: MMSG-26693]
Action.c(35): Redirecting "http://ed.shaft.com/c" (redirection depth is 1)  	[MsgId: MMSG-26694]
Action.c(35): To location "http://ed.shaft.com/"  	[MsgId: MMSG-26693]
Action.c(35): Resource "http://ed.shaft.com/html/themes/classic/css/aui.css?browserId=other&themeId=classic&minifierType=css&languageId=en_US&b=6201&t=1545313669000" is in the cache already and will not be downloaded again  	[MsgId: MMSG-26655]
Action.c(35): Resource "http://ed.shaft.com/html/css/main.css?browserId=other&themeId=classic&minifierType=css&languageId=en_US&b=6201&t=1395140322000" is in the cache already and will not be downloaded again  	[MsgId: MMSG-26655]
Action.c(35): Found resource "http://ed.shaft.com/html/js/everything.jsp?browserId=other&themeId=classic&colorSchemeId=01&minifierType=js&minifierBundleId=javascript.everything.files&languageId=en_US&b=6201&t=1395209624000" in HTML "http://ed.shaft.com/"  	[MsgId: MMSG-26659]
Action.c(35): Resource "http://ed.shaft.com/html/themes/classic/css/main.css?browserId=other&themeId=classic&minifierType=css&languageId=en_US&b=6201&t=1545313669000" is in the cache already and will not be downloaded again  	[MsgId: MMSG-26655]
Action.c(35): Found resource "http://ed.shaft.com/image/user_male_portrait?img_id=0&t=1547008505508" in HTML "http://ed.shaft.com/"  	[MsgId: MMSG-26659]
Action.c(35): Found resource "http://ed.shaft.com/notifications-portlet/notifications/css/main.css?browserId=other&themeId=classic&minifierType=css&languageId=en_US&b=6201&t=1545498373000" in HTML "http://ed.shaft.com/"  	[MsgId: MMSG-26659]
Action.c(35): Found resource "http://ed.shaft.com/notifications-portlet/notifications/js/main.js?browserId=other&minifierType=js&languageId=en_US&b=6201&t=1545498373000" in HTML "http://ed.shaft.com/"  	[MsgId: MMSG-26659]
Action.c(35): Resource "http://ed.shaft.com/image/company_logo?img_id=0&t=1547008505508" is in the cache already and will not be downloaded again  	[MsgId: MMSG-26655]
Action.c(35): Resource "http://ed.shaft.com/html/themes/classic/js/main.js?browserId=other&minifierType=js&languageId=en_US&b=6201&t=1545313669000" is in the cache already and will not be downloaded again  	[MsgId: MMSG-26655]
Action.c(35): web_submit_data("2") was successful, 153015 body bytes, 4191 header bytes  	[MsgId: MMSG-26386]
Action.c(53): web_add_auto_header("X-Requested-With") started  	[MsgId: MMSG-26355]
Action.c(53): web_add_auto_header("X-Requested-With") was successful  	[MsgId: MMSG-26392]
Action.c(58): Notify: Saving Parameter "cTimeStamp = 1547028697593216".
Action.c(59): Notify: Parameter Substitution: parameter "cTimeStamp" =  "1547028697593216"
Action.c(59): 1547028697593216
Action.c(62): web_submit_data("receive") started  	[MsgId: MMSG-26355]
Action.c(62): Warning: The string '"2_WAR_notificationsportlet":true' with parameter delimiters is not a parameter.
Action.c(62): Notify: Parameter Substitution: parameter "cTimeStamp" =  "1547028697593216"
Action.c(62): web_submit_data("receive") was successful, 309 body bytes, 355 header bytes  	[MsgId: MMSG-26386]
Action.c(74): Notify: Saving Parameter "cTimeStamp2 = 1547028699794472".
Action.c(75): Notify: Parameter Substitution: parameter "cTimeStamp2" =  "1547028699794472"
Action.c(75): 1547028699794472
Action.c(77): web_submit_data("receive_2") started  	[MsgId: MMSG-26355]
Action.c(77): Warning: The string '"2_WAR_notificationsportlet":false' with parameter delimiters is not a parameter.
Action.c(77): Notify: Parameter Substitution: parameter "cTimeStamp2" =  "1547028699794472"
Action.c(77): web_submit_data("receive_2") was successful, 309 body bytes, 355 header bytes  	[MsgId: MMSG-26386]
Action.c(89): web_submit_data("receive_3") started  	[MsgId: MMSG-26355]
Action.c(89): Warning: The string '"2_WAR_notificationsportlet":false' with parameter delimiters is not a parameter.
Action.c(89): web_submit_data("receive_3") was successful, 309 body bytes, 355 header bytes  	[MsgId: MMSG-26386]
Action.c(101): web_submit_data("receive_4") started  	[MsgId: MMSG-26355]
Action.c(101): Warning: The string '"2_WAR_notificationsportlet":false' with parameter delimiters is not a parameter.
Action.c(101): web_submit_data("receive_4") was successful, 309 body bytes, 355 header bytes  	[MsgId: MMSG-26386]
Action.c(113): web_remove_auto_header("X-Requested-With") started  	[MsgId: MMSG-26355]
Action.c(113): Previous automatically added web header for "X-Requested-With" removed  	[MsgId: MMSG-26587]
Action.c(113): web_remove/revert_auto_header("X-Requested-With") was successful  	[MsgId: MMSG-26392]
Action.c(115): web_url("control_panel") started  	[MsgId: MMSG-26355]
Action.c(115): Redirecting "http://ed.shaft.com/group/control_panel?refererPlid=12008&doAsGroupId=10181&controlPanelCategory=current_site.configuration" (redirection depth is 0)  	[MsgId: MMSG-26694]
Action.c(115): To location "http://ed.shaft.com/group/control_panel?refererPlid=12008&doAsGroupId=10181&controlPanelCategory=current_site.configuration&p_p_id=165"  	[MsgId: MMSG-26693]
Action.c(115): Found resource "http://ed.shaft.com/html/themes/control_panel/css/aui.css?browserId=other&themeId=controlpanel&minifierType=css&languageId=en_US&b=6201&t=1545313669000" in HTML "http://ed.shaft.com/group/control_panel?refererPlid=12008&doAsGroupId=10181&controlPanelCategory=current_site.configuration&p_p_id=165"  	[MsgId: MMSG-26659]
Action.c(115): Found resource "http://ed.shaft.com/html/css/main.css?browserId=other&themeId=controlpanel&minifierType=css&languageId=en_US&b=6201&t=1395140322000" in HTML "http://ed.shaft.com/group/control_panel?refererPlid=12008&doAsGroupId=10181&controlPanelCategory=current_site.configuration&p_p_id=165"  	[MsgId: MMSG-26659]
Action.c(115): Found resource "http://ed.shaft.com/html/portlet/sites_admin/css/main.css?browserId=other&themeId=controlpanel&minifierType=css&languageId=en_US&b=6201&t=1545313669000" in HTML "http://ed.shaft.com/group/control_panel?refererPlid=12008&doAsGroupId=10181&controlPanelCategory=current_site.configuration&p_p_id=165"  	[MsgId: MMSG-26659]
Action.c(115): Found resource "http://ed.shaft.com/html/js/everything.jsp?browserId=other&themeId=controlpanel&colorSchemeId=01&minifierType=js&minifierBundleId=javascript.everything.files&languageId=en_US&b=6201&t=1395209624000" in HTML "http://ed.shaft.com/group/control_panel?refererPlid=12008&doAsGroupId=10181&controlPanelCategory=current_site.configuration&p_p_id=165"  	[MsgId: MMSG-26659]
Action.c(115): Found resource "http://ed.shaft.com/html/themes/control_panel/css/main.css?browserId=other&themeId=controlpanel&minifierType=css&languageId=en_US&b=6201&t=1545313669000" in HTML "http://ed.shaft.com/group/control_panel?refererPlid=12008&doAsGroupId=10181&controlPanelCategory=current_site.configuration&p_p_id=165"  	[MsgId: MMSG-26659]
Action.c(115): Resource "http://ed.shaft.com/image/user_male_portrait?img_id=0&t=1547008505508" is in the cache already and will not be downloaded again  	[MsgId: MMSG-26655]
Action.c(115): Found resource "http://ed.shaft.com/html/themes/control_panel/images/spacer.png" in HTML "http://ed.shaft.com/group/control_panel?refererPlid=12008&doAsGroupId=10181&controlPanelCategory=current_site.configuration&p_p_id=165"  	[MsgId: MMSG-26659]
Action.c(115): Found resource "http://ed.shaft.com/notifications-portlet/notifications/css/main.css?browserId=other&themeId=controlpanel&minifierType=css&languageId=en_US&b=6201&t=1545498373000" in HTML "http://ed.shaft.com/group/control_panel?refererPlid=12008&doAsGroupId=10181&controlPanelCategory=current_site.configuration&p_p_id=165"  	[MsgId: MMSG-26659]
Action.c(115): Resource "http://ed.shaft.com/notifications-portlet/notifications/js/main.js?browserId=other&minifierType=js&languageId=en_US&b=6201&t=1545498373000" is in the cache already and will not be downloaded again  	[MsgId: MMSG-26655]
Action.c(115): Found resource "http://ed.shaft.com/opensocial-portlet/editor.png" in HTML "http://ed.shaft.com/group/control_panel?refererPlid=12008&doAsGroupId=10181&controlPanelCategory=current_site.configuration&p_p_id=165"  	[MsgId: MMSG-26659]
Action.c(115): Found resource "http://ed.shaft.com/html/themes/control_panel/images/portlet/help.png" in HTML "http://ed.shaft.com/group/control_panel?refererPlid=12008&doAsGroupId=10181&controlPanelCategory=current_site.configuration&p_p_id=165"  	[MsgId: MMSG-26659]
Action.c(115): Found resource "http://ed.shaft.com/html/themes/control_panel/js/main.js?browserId=other&minifierType=js&languageId=en_US&b=6201&t=1545313669000" in HTML "http://ed.shaft.com/group/control_panel?refererPlid=12008&doAsGroupId=10181&controlPanelCategory=current_site.configuration&p_p_id=165"  	[MsgId: MMSG-26659]
Action.c(115): web_url("control_panel") was successful, 230571 body bytes, 6523 header bytes, 28 chunking overhead bytes  	[MsgId: MMSG-26385]
Action.c(125): web_url("Workflow Configuration Workflow Configuration") started  	[MsgId: MMSG-26355]
Action.c(125): Resource "http://ed.shaft.com/html/themes/control_panel/css/aui.css?browserId=other&themeId=controlpanel&minifierType=css&languageId=en_US&b=6201&t=1545313669000" is in the cache already and will not be downloaded again  	[MsgId: MMSG-26655]
Action.c(125): Resource "http://ed.shaft.com/html/css/main.css?browserId=other&themeId=controlpanel&minifierType=css&languageId=en_US&b=6201&t=1395140322000" is in the cache already and will not be downloaded again  	[MsgId: MMSG-26655]
Action.c(125): Found resource "http://ed.shaft.com/html/portlet/workflow_definitions/css/main.css?browserId=other&themeId=controlpanel&minifierType=css&languageId=en_US&b=6201&t=1545313669000" in HTML "http://ed.shaft.com/group/control_panel/manage?p_p_id=152&p_p_lifecycle=0&p_p_state=maximized&p_p_mode=view&doAsGroupId=10181&refererPlid=12008&controlPanelCategory=current_site.configuration"  	[MsgId: MMSG-26659]
Action.c(125): Found resource "http://ed.shaft.com/html/js/everything.jsp?browserId=other&themeId=controlpanel&colorSchemeId=01&minifierType=js&minifierBundleId=javascript.everything.files&languageId=en_US&b=6201&t=1395209624000" in HTML "http://ed.shaft.com/group/control_panel/manage?p_p_id=152&p_p_lifecycle=0&p_p_state=maximized&p_p_mode=view&doAsGroupId=10181&refererPlid=12008&controlPanelCategory=current_site.configuration"  	[MsgId: MMSG-26659]
Action.c(125): Resource "http://ed.shaft.com/html/themes/control_panel/css/main.css?browserId=other&themeId=controlpanel&minifierType=css&languageId=en_US&b=6201&t=1545313669000" is in the cache already and will not be downloaded again  	[MsgId: MMSG-26655]
Action.c(125): Resource "http://ed.shaft.com/image/user_male_portrait?img_id=0&t=1547008505508" is in the cache already and will not be downloaded again  	[MsgId: MMSG-26655]
Action.c(125): Resource "http://ed.shaft.com/html/themes/control_panel/images/spacer.png" is in the cache already and will not be downloaded again  	[MsgId: MMSG-26655]
Action.c(125): Resource "http://ed.shaft.com/notifications-portlet/notifications/css/main.css?browserId=other&themeId=controlpanel&minifierType=css&languageId=en_US&b=6201&t=1545498373000" is in the cache already and will not be downloaded again  	[MsgId: MMSG-26655]
Action.c(125): Resource "http://ed.shaft.com/notifications-portlet/notifications/js/main.js?browserId=other&minifierType=js&languageId=en_US&b=6201&t=1545498373000" is in the cache already and will not be downloaded again  	[MsgId: MMSG-26655]
Action.c(125): Resource "http://ed.shaft.com/opensocial-portlet/editor.png" is in the cache already and will not be downloaded again  	[MsgId: MMSG-26655]
Action.c(125): Found resource "http://ed.shaft.com/html/themes/control_panel/images/common/pages.png" in HTML "http://ed.shaft.com/group/control_panel/manage?p_p_id=152&p_p_lifecycle=0&p_p_state=maximized&p_p_mode=view&doAsGroupId=10181&refererPlid=12008&controlPanelCategory=current_site.configuration"  	[MsgId: MMSG-26659]
Action.c(125): Found resource "http://ed.shaft.com/html/themes/control_panel/images/blogs/blogs.png" in HTML "http://ed.shaft.com/group/control_panel/manage?p_p_id=152&p_p_lifecycle=0&p_p_state=maximized&p_p_mode=view&doAsGroupId=10181&refererPlid=12008&controlPanelCategory=current_site.configuration"  	[MsgId: MMSG-26659]
Action.c(125): Found resource "http://ed.shaft.com/html/themes/control_panel/images/common/history.png" in HTML "http://ed.shaft.com/group/control_panel/manage?p_p_id=152&p_p_lifecycle=0&p_p_state=maximized&p_p_mode=view&doAsGroupId=10181&refererPlid=12008&controlPanelCategory=current_site.configuration"  	[MsgId: MMSG-26659]
Action.c(125): Found resource "http://ed.shaft.com/html/themes/control_panel/images/common/conversation.png" in HTML "http://ed.shaft.com/group/control_panel/manage?p_p_id=152&p_p_lifecycle=0&p_p_state=maximized&p_p_mode=view&doAsGroupId=10181&refererPlid=12008&controlPanelCategory=current_site.configuration"  	[MsgId: MMSG-26659]
Action.c(125): Found resource "http://ed.shaft.com/html/themes/control_panel/images/common/clip.png" in HTML "http://ed.shaft.com/group/control_panel/manage?p_p_id=152&p_p_lifecycle=0&p_p_state=maximized&p_p_mode=view&doAsGroupId=10181&refererPlid=12008&controlPanelCategory=current_site.configuration"  	[MsgId: MMSG-26659]
Action.c(125): Resource "http://ed.shaft.com/html/themes/control_panel/js/main.js?browserId=other&minifierType=js&languageId=en_US&b=6201&t=1545313669000" is in the cache already and will not be downloaded again  	[MsgId: MMSG-26655]
Action.c(125): web_url("Workflow Configuration Workflow Configuration") was successful, 156813 body bytes, 4412 header bytes, 20 chunking overhead bytes  	[MsgId: MMSG-26385]
Action.c(135): web_add_auto_header("X-Requested-With") started  	[MsgId: MMSG-26355]
Action.c(135): web_add_auto_header("X-Requested-With") was successful  	[MsgId: MMSG-26392]
Action.c(138): web_submit_data("receive_5") started  	[MsgId: MMSG-26355]
Action.c(138): Warning: The string '"2_WAR_notificationsportlet":true' with parameter delimiters is not a parameter.
Action.c(138): web_submit_data("receive_5") was successful, 309 body bytes, 355 header bytes  	[MsgId: MMSG-26386]
Action.c(150): web_submit_data("receive_6") started  	[MsgId: MMSG-26355]
Action.c(150): Warning: The string '"2_WAR_notificationsportlet":true' with parameter delimiters is not a parameter.
Action.c(150): web_submit_data("receive_6") was successful, 309 body bytes, 355 header bytes  	[MsgId: MMSG-26386]
Action.c(162): web_submit_data("receive_7") started  	[MsgId: MMSG-26355]
Action.c(162): Warning: The string '"2_WAR_notificationsportlet":true' with parameter delimiters is not a parameter.
Action.c(162): web_submit_data("receive_7") was successful, 309 body bytes, 355 header bytes  	[MsgId: MMSG-26386]
Action.c(174): web_submit_data("receive_8") started  	[MsgId: MMSG-26355]
Action.c(174): Warning: The string '"2_WAR_notificationsportlet":true' with parameter delimiters is not a parameter.
Action.c(174): web_submit_data("receive_8") was successful, 309 body bytes, 355 header bytes  	[MsgId: MMSG-26386]
Action.c(186): web_submit_data("receive_9") started  	[MsgId: MMSG-26355]
Action.c(186): Warning: The string '"2_WAR_notificationsportlet":true' with parameter delimiters is not a parameter.
Action.c(186): web_submit_data("receive_9") was successful, 309 body bytes, 355 header bytes  	[MsgId: MMSG-26386]
Action.c(198): web_submit_data("receive_10") started  	[MsgId: MMSG-26355]
Action.c(198): Warning: The string '"2_WAR_notificationsportlet":true' with parameter delimiters is not a parameter.
Action.c(198): web_submit_data("receive_10") was successful, 309 body bytes, 355 header bytes  	[MsgId: MMSG-26386]
Action.c(212): web_submit_data("receive_11") started  	[MsgId: MMSG-26355]
Action.c(212): Warning: The string '"2_WAR_notificationsportlet":true' with parameter delimiters is not a parameter.
Action.c(212): web_submit_data("receive_11") was successful, 309 body bytes, 355 header bytes  	[MsgId: MMSG-26386]
Action.c(224): web_remove_auto_header("X-Requested-With") started  	[MsgId: MMSG-26355]
Action.c(224): Previous automatically added web header for "X-Requested-With" removed  	[MsgId: MMSG-26587]
Action.c(224): web_remove/revert_auto_header("X-Requested-With") was successful  	[MsgId: MMSG-26392]
Action.c(226): web_submit_data("manage") started  	[MsgId: MMSG-26355]
Action.c(226): Resource "http://ed.shaft.com/html/themes/control_panel/css/aui.css?browserId=other&themeId=controlpanel&minifierType=css&languageId=en_US&b=6201&t=1545313669000" is in the cache already and will not be downloaded again  	[MsgId: MMSG-26655]
Action.c(226): Resource "http://ed.shaft.com/html/css/main.css?browserId=other&themeId=controlpanel&minifierType=css&languageId=en_US&b=6201&t=1395140322000" is in the cache already and will not be downloaded again  	[MsgId: MMSG-26655]
Action.c(226): Resource "http://ed.shaft.com/html/portlet/workflow_definitions/css/main.css?browserId=other&themeId=controlpanel&minifierType=css&languageId=en_US&b=6201&t=1545313669000" is in the cache already and will not be downloaded again  	[MsgId: MMSG-26655]
Action.c(226): Found resource "http://ed.shaft.com/html/js/everything.jsp?browserId=other&themeId=controlpanel&colorSchemeId=01&minifierType=js&minifierBundleId=javascript.everything.files&languageId=en_US&b=6201&t=1395209624000" in HTML "http://ed.shaft.com/group/control_panel/manage?p_auth=hBEPoKVR&p_p_id=152&p_p_lifecycle=1&p_p_state=maximized&p_p_mode=view&doAsGroupId=10181&refererPlid=12008&controlPanelCategory=current_site.configuration&_152_struts_action=%2Fworkflow_definition_links%2Fedit_workflow_definition_link"  	[MsgId: MMSG-26659]
Action.c(226): Resource "http://ed.shaft.com/html/themes/control_panel/css/main.css?browserId=other&themeId=controlpanel&minifierType=css&languageId=en_US&b=6201&t=1545313669000" is in the cache already and will not be downloaded again  	[MsgId: MMSG-26655]
Action.c(226): Resource "http://ed.shaft.com/image/user_male_portrait?img_id=0&t=1547008505508" is in the cache already and will not be downloaded again  	[MsgId: MMSG-26655]
Action.c(226): Resource "http://ed.shaft.com/html/themes/control_panel/images/spacer.png" is in the cache already and will not be downloaded again  	[MsgId: MMSG-26655]
Action.c(226): Resource "http://ed.shaft.com/notifications-portlet/notifications/css/main.css?browserId=other&themeId=controlpanel&minifierType=css&languageId=en_US&b=6201&t=1545498373000" is in the cache already and will not be downloaded again  	[MsgId: MMSG-26655]
Action.c(226): Resource "http://ed.shaft.com/notifications-portlet/notifications/js/main.js?browserId=other&minifierType=js&languageId=en_US&b=6201&t=1545498373000" is in the cache already and will not be downloaded again  	[MsgId: MMSG-26655]
Action.c(226): Resource "http://ed.shaft.com/opensocial-portlet/editor.png" is in the cache already and will not be downloaded again  	[MsgId: MMSG-26655]
Action.c(226): Resource "http://ed.shaft.com/html/themes/control_panel/images/common/pages.png" is in the cache already and will not be downloaded again  	[MsgId: MMSG-26655]
Action.c(226): Resource "http://ed.shaft.com/html/themes/control_panel/images/blogs/blogs.png" is in the cache already and will not be downloaded again  	[MsgId: MMSG-26655]
Action.c(226): Resource "http://ed.shaft.com/html/themes/control_panel/images/common/history.png" is in the cache already and will not be downloaded again  	[MsgId: MMSG-26655]
Action.c(226): Resource "http://ed.shaft.com/html/themes/control_panel/images/common/conversation.png" is in the cache already and will not be downloaded again  	[MsgId: MMSG-26655]
Action.c(226): Resource "http://ed.shaft.com/html/themes/control_panel/images/common/clip.png" is in the cache already and will not be downloaded again  	[MsgId: MMSG-26655]
Action.c(226): Resource "http://ed.shaft.com/html/themes/control_panel/js/main.js?browserId=other&minifierType=js&languageId=en_US&b=6201&t=1545313669000" is in the cache already and will not be downloaded again  	[MsgId: MMSG-26655]
Action.c(226): web_submit_data("manage") was successful, 153424 body bytes, 1051 header bytes, 20 chunking overhead bytes  	[MsgId: MMSG-26385]
Action.c(248): web_add_auto_header("X-Requested-With") started  	[MsgId: MMSG-26355]
Action.c(248): web_add_auto_header("X-Requested-With") was successful  	[MsgId: MMSG-26392]
Action.c(251): web_submit_data("receive_12") started  	[MsgId: MMSG-26355]
Action.c(251): Warning: The string '"2_WAR_notificationsportlet":true' with parameter delimiters is not a parameter.
Action.c(251): web_submit_data("receive_12") was successful, 309 body bytes, 355 header bytes  	[MsgId: MMSG-26386]
Action.c(263): web_submit_data("receive_13") started  	[MsgId: MMSG-26355]
Action.c(263): Warning: The string '"2_WAR_notificationsportlet":true' with parameter delimiters is not a parameter.
Action.c(263): web_submit_data("receive_13") was successful, 309 body bytes, 355 header bytes  	[MsgId: MMSG-26386]
Action.c(275): web_submit_data("receive_14") started  	[MsgId: MMSG-26355]
Action.c(275): Warning: The string '"2_WAR_notificationsportlet":true' with parameter delimiters is not a parameter.
Action.c(275): web_submit_data("receive_14") was successful, 309 body bytes, 355 header bytes  	[MsgId: MMSG-26386]
Action.c(287): web_remove_auto_header("X-Requested-With") started  	[MsgId: MMSG-26355]
Action.c(287): Previous automatically added web header for "X-Requested-With" removed  	[MsgId: MMSG-26587]
Action.c(287): web_remove/revert_auto_header("X-Requested-With") was successful  	[MsgId: MMSG-26392]
Action.c(289): web_url("logout") started  	[MsgId: MMSG-26355]
Action.c(289): web_url("logout") was successful, 73 body bytes, 1042 header bytes, 16 chunking overhead bytes  	[MsgId: MMSG-26385]
Action.c(299): web_url("c") started  	[MsgId: MMSG-26355]
Action.c(299): Redirecting "http://ed.shaft.com/c" (redirection depth is 0)  	[MsgId: MMSG-26694]
Action.c(299): To location "http://ed.shaft.com/c/portal/layout"  	[MsgId: MMSG-26693]
Action.c(299): Redirecting "http://ed.shaft.com/c/portal/layout" (redirection depth is 1)  	[MsgId: MMSG-26694]
Action.c(299): To location "http://ed.shaft.com/web/guest/2"  	[MsgId: MMSG-26693]
Action.c(299): Resource "http://ed.shaft.com/html/themes/classic/css/aui.css?browserId=other&themeId=classic&minifierType=css&languageId=en_US&b=6201&t=1545313669000" is in the cache already and will not be downloaded again  	[MsgId: MMSG-26655]
Action.c(299): Resource "http://ed.shaft.com/html/css/main.css?browserId=other&themeId=classic&minifierType=css&languageId=en_US&b=6201&t=1395140322000" is in the cache already and will not be downloaded again  	[MsgId: MMSG-26655]
Action.c(299): Found resource "http://ed.shaft.com/html/js/barebone.jsp?browserId=other&themeId=classic&colorSchemeId=01&minifierType=js&minifierBundleId=javascript.barebone.files&languageId=en_US&b=6201&t=1395209624000" in HTML "http://ed.shaft.com/web/guest/2"  	[MsgId: MMSG-26659]
Action.c(299): Resource "http://ed.shaft.com/html/themes/classic/css/main.css?browserId=other&themeId=classic&minifierType=css&languageId=en_US&b=6201&t=1545313669000" is in the cache already and will not be downloaded again  	[MsgId: MMSG-26655]
Action.c(299): Resource "http://ed.shaft.com/image/company_logo?img_id=0&t=1547008505508" is in the cache already and will not be downloaded again  	[MsgId: MMSG-26655]
Action.c(299): Resource "http://ed.shaft.com/html/themes/classic/js/main.js?browserId=other&minifierType=js&languageId=en_US&b=6201&t=1545313669000" is in the cache already and will not be downloaded again  	[MsgId: MMSG-26655]
Action.c(299): web_url("c") was successful, 126174 body bytes, 2228 header bytes  	[MsgId: MMSG-26386]
Ending action Action.
Ending iteration 1.
Ending Vuser...
Starting action vuser_end.
Ending action vuser_end.
Vuser Terminated.
Vuser 0 (thread 5692), ended OK."
