Virtual User Script started at : 2019-02-12 15:29:27
TruClient Replay (build 1053) for LoadRunner 12.60.0, build 0971. OS: Windows 10, Browser: Chromium 63.0.3239.132, initialized on 2019/02/12 at 15:29:27 (1549965567.578s)

Running Vuser...
Starting iteration 1.
Notify: Transaction "launch" started.
t=00002124ms: Step 1: Navigate to "http://127.0.0.1:1080/webtours/" started    [MsgId: MMSG-205180]
t=00003545ms: Step 1: Navigate to http://127.0.0.1:1080/webtours/ successfully completed with End Event "Step synchronous network completed"    [MsgId: MMSG-205180]
t=00003566ms: Step 2: Wait until [object HTMLQuoteElement] decorator exists started    [MsgId: MMSG-205180]
t=00003921ms: Step 2: Wait until [object HTMLQuoteElement] decorator exists successfully completed with End Event "Action completed"    [MsgId: MMSG-205180]
Notify: Transaction "launch" ended with a "Pass" status (Duration: 1.8190 Think Time: 0.0030 Wasted Time: 0.7240).
Notify: Transaction "login" started.
t=00004437ms: Step 11: Type TC.getParam("P_USER123") in Username textbox started    [MsgId: MMSG-205180]
t=00004492ms: Warning -205179: The TC.getParam API is deprecated because it is synchronous. Use the asynchronous "Generic API" step instead.    [MsgId: MWAR-205179]
t=00006270ms: Step 11: Type jojo in Username textbox successfully completed with End Event "Action completed"    [MsgId: MMSG-205180]
t=00006786ms: Step 13: Type ****************... in Password passwordbox started    [MsgId: MMSG-205180]
t=00006811ms: Warning -205179: The TC.getParam API is deprecated because it is synchronous. Use the asynchronous "Generic API" step instead.    [MsgId: MWAR-205179]
t=00008294ms: Step 13: Type **** in Password passwordbox successfully completed with End Event "Action completed"    [MsgId: MMSG-205180]
t=00008810ms: Step 14: Click on Login button started    [MsgId: MMSG-205180]
t=00009671ms: Step 14: Click on Login button successfully completed with End Event "Step network completed"    [MsgId: MMSG-205180]
Notify: Transaction "login" ended with a "Pass" status (Duration: 5.2500 Wasted Time: 2.0760).
t=00009691ms: Step 15: Wait until [object HTMLQuoteElement] decorator exists started    [MsgId: MMSG-205180]
t=00010012ms: Step 15: Wait until [object HTMLQuoteElement] decorator exists successfully completed with End Event "Action completed"    [MsgId: MMSG-205180]
t=00010527ms: Step 16: Click on Search Flights Button image started    [MsgId: MMSG-205180]
t=00011209ms: Step 16: Click on Search Flights Button image successfully completed with End Event "Step network completed"    [MsgId: MMSG-205180]
Ending iteration 1.
Ending Vuser...
Vuser Terminated.
