Virtual User Script started at: 12/27/2018 6:15:45 PM
Starting action vuser_init.
Web Turbo Replay of LoadRunner 12.60.0 for Windows 10; build 971 (Aug 09 2018 11:27:13)  	[MsgId: MMSG-26983]
Run mode: HTML  	[MsgId: MMSG-26993]
Replay user agent: Mozilla/5.0 (Windows NT 10.0; WOW64; Trident/7.0; rv:11.0) like Gecko  	[MsgId: MMSG-26988]
Runtime Settings file: "C:\Users\Dell\Documents\VuGen\Scripts\ManualCorrelationRecord1\\default.cfg"  	[MsgId: MMSG-27141]
Ending action vuser_init.
Running Vuser...
Starting iteration 1.
Maximum number of concurrent connections per server: 6  	[MsgId: MMSG-26989]
Starting action Action.
Action.c(5): web_reg_save_param started  	[MsgId: MMSG-26355]
Action.c(5): Registering web_reg_save_param was successful  	[MsgId: MMSG-26390]
Action.c(6): web_url("webtours") started  	[MsgId: MMSG-26355]
Action.c(6): Redirecting "http://localhost:1080/webtours" (redirection depth is 0)  	[MsgId: MMSG-26694]
Action.c(6): To location "http://localhost:1080/webtours/"  	[MsgId: MMSG-26693]
Action.c(6): Detected non-resource "http://localhost:1080/webtours/header.html" in "http://localhost:1080/webtours/"  	[MsgId: MMSG-26574]
Action.c(6): Detected non-resource "http://localhost:1080/cgi-bin/welcome.pl?signOff=true" in "http://localhost:1080/webtours/"  	[MsgId: MMSG-26574]
Action.c(6): Found resource "http://localhost:1080/webtours/images/hp_logo.png" in HTML "http://localhost:1080/webtours/header.html"  	[MsgId: MMSG-26659]
Action.c(6): Found resource "http://localhost:1080/webtours/images/webtours.png" in HTML "http://localhost:1080/webtours/header.html"  	[MsgId: MMSG-26659]
Action.c(6): Detected non-resource "http://localhost:1080/cgi-bin/nav.pl?in=home" in "http://localhost:1080/cgi-bin/welcome.pl?signOff=true"  	[MsgId: MMSG-26574]
Action.c(6): Detected non-resource "http://localhost:1080/WebTours/home.html" in "http://localhost:1080/cgi-bin/welcome.pl?signOff=true"  	[MsgId: MMSG-26574]
Action.c(6): Notify: Saving Parameter "usVar = 125225.981773998zttVDVVptDHfDiztHpizizcf".
Action.c(6): Found resource "http://localhost:1080/WebTours/images/mer_login.gif" in HTML "http://localhost:1080/cgi-bin/nav.pl?in=home"  	[MsgId: MMSG-26659]
Action.c(6): web_url("webtours") was successful, 10315 body bytes, 2637 header bytes, 24 chunking overhead bytes  	[MsgId: MMSG-26385]
Action.c(18): web_submit_data("login.pl") started  	[MsgId: MMSG-26355]
Action.c(18): Notify: Parameter Substitution: parameter "usVar" =  "125225.981773998zttVDVVptDHfDiztHpizizcf"
Action.c(18): Detected non-resource "http://localhost:1080/cgi-bin/nav.pl?page=menu&in=home" in "http://localhost:1080/cgi-bin/login.pl"  	[MsgId: MMSG-26574]
Action.c(18): Detected non-resource "http://localhost:1080/cgi-bin/login.pl?intro=true" in "http://localhost:1080/cgi-bin/login.pl"  	[MsgId: MMSG-26574]
Action.c(18): Found resource "http://localhost:1080/WebTours/images/flights.gif" in HTML "http://localhost:1080/cgi-bin/nav.pl?page=menu&in=home"  	[MsgId: MMSG-26659]
Action.c(18): Found resource "http://localhost:1080/WebTours/images/itinerary.gif" in HTML "http://localhost:1080/cgi-bin/nav.pl?page=menu&in=home"  	[MsgId: MMSG-26659]
Action.c(18): Found resource "http://localhost:1080/WebTours/images/in_home.gif" in HTML "http://localhost:1080/cgi-bin/nav.pl?page=menu&in=home"  	[MsgId: MMSG-26659]
Action.c(18): Found resource "http://localhost:1080/WebTours/images/signoff.gif" in HTML "http://localhost:1080/cgi-bin/nav.pl?page=menu&in=home"  	[MsgId: MMSG-26659]
Action.c(18): web_submit_data("login.pl") was successful, 5779 body bytes, 2031 header bytes, 36 chunking overhead bytes  	[MsgId: MMSG-26385]
Action.c(38): web_reg_save_param started  	[MsgId: MMSG-26355]
Action.c(38): Registering web_reg_save_param was successful  	[MsgId: MMSG-26390]
Action.c(40): web_reg_save_param started  	[MsgId: MMSG-26355]
Action.c(40): Registering web_reg_save_param was successful  	[MsgId: MMSG-26390]
Action.c(42): web_reg_save_param started  	[MsgId: MMSG-26355]
Action.c(42): Registering web_reg_save_param was successful  	[MsgId: MMSG-26390]
Action.c(44): web_url("Search Flights Button") started  	[MsgId: MMSG-26355]
Action.c(44): Detected non-resource "http://localhost:1080/cgi-bin/nav.pl?page=menu&in=flights" in "http://localhost:1080/cgi-bin/welcome.pl?page=search"  	[MsgId: MMSG-26574]
Action.c(44): Detected non-resource "http://localhost:1080/cgi-bin/reservations.pl?page=welcome" in "http://localhost:1080/cgi-bin/welcome.pl?page=search"  	[MsgId: MMSG-26574]
Action.c(44): Found resource "http://localhost:1080/WebTours/images/in_flights.gif" in HTML "http://localhost:1080/cgi-bin/nav.pl?page=menu&in=flights"  	[MsgId: MMSG-26659]
Action.c(44): Resource "http://localhost:1080/WebTours/images/itinerary.gif" is in the cache already and will not be downloaded again  	[MsgId: MMSG-26655]
Action.c(44): Found resource "http://localhost:1080/WebTours/images/home.gif" in HTML "http://localhost:1080/cgi-bin/nav.pl?page=menu&in=flights"  	[MsgId: MMSG-26659]
Action.c(44): Resource "http://localhost:1080/WebTours/images/signoff.gif" is in the cache already and will not be downloaded again  	[MsgId: MMSG-26655]
Action.c(44): Notify: Saving Parameter "depVar = Denver".
Action.c(44): Notify: Saving Parameter "arrVar = Denver".
Action.c(44): Notify: Saving Parameter "seatPrefVar = Window".
Action.c(44): Found resource "http://localhost:1080/WebTours/images/button_next.gif" in HTML "http://localhost:1080/cgi-bin/reservations.pl?page=welcome"  	[MsgId: MMSG-26659]
Action.c(44): web_url("Search Flights Button") was successful, 8516 body bytes, 1616 header bytes, 43 chunking overhead bytes  	[MsgId: MMSG-26385]
Action.c(55): web_reg_save_param started  	[MsgId: MMSG-26355]
Action.c(55): Registering web_reg_save_param was successful  	[MsgId: MMSG-26390]
Action.c(56): web_submit_data("reservations.pl") started  	[MsgId: MMSG-26355]
Action.c(56): Notify: Parameter Substitution: parameter "depVar" =  "Denver"
Action.c(56): Notify: Parameter Substitution: parameter "arrVar" =  "Denver"
Action.c(56): Notify: Parameter Substitution: parameter "seatPrefVar" =  "Window"
Action.c(56): Notify: Saving Parameter "FlightNo = 000;0;12/28/2018" checked="checked" >Blue Sky Air 000<td align="center".
Action.c(56): Resource "http://localhost:1080/WebTours/images/button_next.gif" is in the cache already and will not be downloaded again  	[MsgId: MMSG-26655]
Action.c(56): web_submit_data("reservations.pl") was successful, 2425 body bytes, 255 header bytes, 12 chunking overhead bytes  	[MsgId: MMSG-26385]
Action.c(83): web_submit_data("reservations.pl_2") started  	[MsgId: MMSG-26355]
Action.c(83): Notify: Parameter Substitution: parameter "FlightNo" =  "000;0;12/28/2018" checked="checked" >Blue Sky Air 000<td align="center"
Action.c(83): Notify: Parameter Substitution: parameter "seatPrefVar" =  "Window"
Action.c(83): Resource "http://localhost:1080/WebTours/images/button_next.gif" is in the cache already and will not be downloaded again  	[MsgId: MMSG-26655]
Action.c(83): web_submit_data("reservations.pl_2") was successful, 2779 body bytes, 255 header bytes, 12 chunking overhead bytes  	[MsgId: MMSG-26385]
Action.c(103): web_submit_data("reservations.pl_3") started  	[MsgId: MMSG-26355]
Action.c(103): Notify: Parameter Substitution: parameter "seatPrefVar" =  "Window"
Action.c(103): Notify: Parameter Substitution: parameter "FlightNo" =  "000;0;12/28/2018" checked="checked" >Blue Sky Air 000<td align="center"
Action.c(103): Found resource "http://localhost:1080/WebTours/images/bookanother.gif" in HTML "http://localhost:1080/cgi-bin/reservations.pl"  	[MsgId: MMSG-26659]
Action.c(103): web_submit_data("reservations.pl_3") was successful, 3328 body bytes, 658 header bytes, 12 chunking overhead bytes  	[MsgId: MMSG-26385]
Action.c(134): web_url("SignOff Button") started  	[MsgId: MMSG-26355]
Action.c(134): Detected non-resource "http://localhost:1080/cgi-bin/nav.pl?in=home" in "http://localhost:1080/cgi-bin/welcome.pl?signOff=1"  	[MsgId: MMSG-26574]
Action.c(134): Detected non-resource "http://localhost:1080/WebTours/home.html" in "http://localhost:1080/cgi-bin/welcome.pl?signOff=1"  	[MsgId: MMSG-26574]
Action.c(134): Retrieving data from cache for "http://localhost:1080/WebTours/home.html"  	[MsgId: MMSG-26558]
Action.c(134): Resource "http://localhost:1080/WebTours/images/mer_login.gif" is in the cache already and will not be downloaded again  	[MsgId: MMSG-26655]
Action.c(134): web_url("SignOff Button") was successful, 2168 body bytes, 582 header bytes, 24 chunking overhead bytes  	[MsgId: MMSG-26385]
Ending action Action.
Ending iteration 1.
Ending Vuser...
Starting action vuser_end.
Ending action vuser_end.
Vuser Terminated.
Vuser 0 (thread 4808), ended OK."
