Virtual User Script started at: 2/2/2019 9:53:23 PM
Starting action vuser_init.
Web Turbo Replay of LoadRunner 12.60.0 for Windows 10; build 971 (Aug 09 2018 11:27:13)  	[MsgId: MMSG-26983]
Run mode: HTML  	[MsgId: MMSG-26993]
Replay user agent: Mozilla/5.0 (Windows NT 10.0; WOW64; Trident/7.0; rv:11.0) like Gecko  	[MsgId: MMSG-26988]
Runtime Settings file: "C:\Users\Dell\Documents\VuGen\Scripts\MechMandra\WtBookCancel\\default.cfg"  	[MsgId: MMSG-27141]
Ending action vuser_init.
Running Vuser...
Starting iteration 1.
Maximum number of concurrent connections per server: 6  	[MsgId: MMSG-26989]
Starting action Book.
Book.c(4): web_reg_save_param started  	[MsgId: MMSG-26355]
Book.c(4): Registering web_reg_save_param was successful  	[MsgId: MMSG-26390]
Book.c(5): web_url("webtours") started  	[MsgId: MMSG-26355]
Book.c(5): Detected non-resource "http://127.0.0.1:1080/webtours/header.html" in "http://127.0.0.1:1080/webtours/"  	[MsgId: MMSG-26574]
Book.c(5): Detected non-resource "http://127.0.0.1:1080/cgi-bin/welcome.pl?signOff=true" in "http://127.0.0.1:1080/webtours/"  	[MsgId: MMSG-26574]
Book.c(5): Found resource "http://127.0.0.1:1080/webtours/images/hp_logo.png" in HTML "http://127.0.0.1:1080/webtours/header.html"  	[MsgId: MMSG-26659]
Book.c(5): Found resource "http://127.0.0.1:1080/webtours/images/webtours.png" in HTML "http://127.0.0.1:1080/webtours/header.html"  	[MsgId: MMSG-26659]
Book.c(5): Detected non-resource "http://127.0.0.1:1080/cgi-bin/nav.pl?in=home" in "http://127.0.0.1:1080/cgi-bin/welcome.pl?signOff=true"  	[MsgId: MMSG-26574]
Book.c(5): Detected non-resource "http://127.0.0.1:1080/WebTours/home.html" in "http://127.0.0.1:1080/cgi-bin/welcome.pl?signOff=true"  	[MsgId: MMSG-26574]
Book.c(5): Notify: Saving Parameter "cSession = 125485.994572702ztftzifpitfiDDDDDiHcipVVfAHf".
Book.c(5): Found resource "http://127.0.0.1:1080/WebTours/images/mer_login.gif" in HTML "http://127.0.0.1:1080/cgi-bin/nav.pl?in=home"  	[MsgId: MMSG-26659]
Book.c(5): web_url("webtours") was successful, 10080 body bytes, 2371 header bytes, 24 chunking overhead bytes  	[MsgId: MMSG-26385]
Book.c(15): web_submit_data("login.pl_2") started  	[MsgId: MMSG-26355]
Book.c(15): Notify: Parameter Substitution: parameter "cSession" =  "125485.994572702ztftzifpitfiDDDDDiHcipVVfAHf"
Book.c(15): Detected non-resource "http://127.0.0.1:1080/cgi-bin/nav.pl?page=menu&in=home" in "http://127.0.0.1:1080/cgi-bin/login.pl"  	[MsgId: MMSG-26574]
Book.c(15): Detected non-resource "http://127.0.0.1:1080/cgi-bin/login.pl?intro=true" in "http://127.0.0.1:1080/cgi-bin/login.pl"  	[MsgId: MMSG-26574]
Book.c(15): Found resource "http://127.0.0.1:1080/WebTours/images/flights.gif" in HTML "http://127.0.0.1:1080/cgi-bin/nav.pl?page=menu&in=home"  	[MsgId: MMSG-26659]
Book.c(15): Found resource "http://127.0.0.1:1080/WebTours/images/itinerary.gif" in HTML "http://127.0.0.1:1080/cgi-bin/nav.pl?page=menu&in=home"  	[MsgId: MMSG-26659]
Book.c(15): Found resource "http://127.0.0.1:1080/WebTours/images/in_home.gif" in HTML "http://127.0.0.1:1080/cgi-bin/nav.pl?page=menu&in=home"  	[MsgId: MMSG-26659]
Book.c(15): Found resource "http://127.0.0.1:1080/WebTours/images/signoff.gif" in HTML "http://127.0.0.1:1080/cgi-bin/nav.pl?page=menu&in=home"  	[MsgId: MMSG-26659]
Book.c(15): web_submit_data("login.pl_2") was successful, 5779 body bytes, 2030 header bytes, 36 chunking overhead bytes  	[MsgId: MMSG-26385]
Book.c(33): web_url("Search Flights Button") started  	[MsgId: MMSG-26355]
Book.c(33): Detected non-resource "http://127.0.0.1:1080/cgi-bin/nav.pl?page=menu&in=flights" in "http://127.0.0.1:1080/cgi-bin/welcome.pl?page=search"  	[MsgId: MMSG-26574]
Book.c(33): Detected non-resource "http://127.0.0.1:1080/cgi-bin/reservations.pl?page=welcome" in "http://127.0.0.1:1080/cgi-bin/welcome.pl?page=search"  	[MsgId: MMSG-26574]
Book.c(33): Found resource "http://127.0.0.1:1080/WebTours/images/in_flights.gif" in HTML "http://127.0.0.1:1080/cgi-bin/nav.pl?page=menu&in=flights"  	[MsgId: MMSG-26659]
Book.c(33): Resource "http://127.0.0.1:1080/WebTours/images/itinerary.gif" is in the cache already and will not be downloaded again  	[MsgId: MMSG-26655]
Book.c(33): Found resource "http://127.0.0.1:1080/WebTours/images/home.gif" in HTML "http://127.0.0.1:1080/cgi-bin/nav.pl?page=menu&in=flights"  	[MsgId: MMSG-26659]
Book.c(33): Resource "http://127.0.0.1:1080/WebTours/images/signoff.gif" is in the cache already and will not be downloaded again  	[MsgId: MMSG-26655]
Book.c(33): Found resource "http://127.0.0.1:1080/WebTours/images/button_next.gif" in HTML "http://127.0.0.1:1080/cgi-bin/reservations.pl?page=welcome"  	[MsgId: MMSG-26659]
Book.c(33): web_url("Search Flights Button") was successful, 8516 body bytes, 1616 header bytes, 43 chunking overhead bytes  	[MsgId: MMSG-26385]
Book.c(45): web_submit_data("reservations.pl") started  	[MsgId: MMSG-26355]
Book.c(45): Resource "http://127.0.0.1:1080/WebTours/images/button_next.gif" is in the cache already and will not be downloaded again  	[MsgId: MMSG-26655]
Book.c(45): web_submit_data("reservations.pl") was successful, 2439 body bytes, 255 header bytes, 12 chunking overhead bytes  	[MsgId: MMSG-26385]
Book.c(71): web_submit_data("reservations.pl_2") started  	[MsgId: MMSG-26355]
Book.c(71): Resource "http://127.0.0.1:1080/WebTours/images/button_next.gif" is in the cache already and will not be downloaded again  	[MsgId: MMSG-26655]
Book.c(71): web_submit_data("reservations.pl_2") was successful, 2703 body bytes, 255 header bytes, 12 chunking overhead bytes  	[MsgId: MMSG-26385]
Book.c(91): web_submit_data("reservations.pl_3") started  	[MsgId: MMSG-26355]
Book.c(91): Found resource "http://127.0.0.1:1080/WebTours/images/bookanother.gif" in HTML "http://127.0.0.1:1080/cgi-bin/reservations.pl"  	[MsgId: MMSG-26659]
Book.c(91): web_submit_data("reservations.pl_3") was successful, 3279 body bytes, 658 header bytes, 12 chunking overhead bytes  	[MsgId: MMSG-26385]
Book.c(122): web_url("SignOff Button_2") started  	[MsgId: MMSG-26355]
Book.c(122): Detected non-resource "http://127.0.0.1:1080/cgi-bin/nav.pl?in=home" in "http://127.0.0.1:1080/cgi-bin/welcome.pl?signOff=1"  	[MsgId: MMSG-26574]
Book.c(122): Detected non-resource "http://127.0.0.1:1080/WebTours/home.html" in "http://127.0.0.1:1080/cgi-bin/welcome.pl?signOff=1"  	[MsgId: MMSG-26574]
Book.c(122): Retrieving data from cache for "http://127.0.0.1:1080/WebTours/home.html"  	[MsgId: MMSG-26558]
Book.c(122): Resource "http://127.0.0.1:1080/WebTours/images/mer_login.gif" is in the cache already and will not be downloaded again  	[MsgId: MMSG-26655]
Book.c(122): web_url("SignOff Button_2") was successful, 2172 body bytes, 582 header bytes, 24 chunking overhead bytes  	[MsgId: MMSG-26385]
Ending action Book.
Starting action Cancel.
Cancel.c(4): web_reg_save_param started  	[MsgId: MMSG-26355]
Cancel.c(4): Registering web_reg_save_param was successful  	[MsgId: MMSG-26390]
Cancel.c(5): web_url("webtours") started  	[MsgId: MMSG-26355]
Cancel.c(5): Retrieving data from cache for "http://127.0.0.1:1080/webtours/"  	[MsgId: MMSG-26558]
Cancel.c(5): Detected non-resource "http://127.0.0.1:1080/webtours/header.html" in "http://127.0.0.1:1080/webtours/"  	[MsgId: MMSG-26574]
Cancel.c(5): Retrieving data from cache for "http://127.0.0.1:1080/webtours/header.html"  	[MsgId: MMSG-26558]
Cancel.c(5): Resource "http://127.0.0.1:1080/webtours/images/hp_logo.png" is in the cache already and will not be downloaded again  	[MsgId: MMSG-26655]
Cancel.c(5): Resource "http://127.0.0.1:1080/webtours/images/webtours.png" is in the cache already and will not be downloaded again  	[MsgId: MMSG-26655]
Cancel.c(5): Detected non-resource "http://127.0.0.1:1080/cgi-bin/welcome.pl?signOff=true" in "http://127.0.0.1:1080/webtours/"  	[MsgId: MMSG-26574]
Cancel.c(5): Detected non-resource "http://127.0.0.1:1080/cgi-bin/nav.pl?in=home" in "http://127.0.0.1:1080/cgi-bin/welcome.pl?signOff=true"  	[MsgId: MMSG-26574]
Cancel.c(5): Detected non-resource "http://127.0.0.1:1080/WebTours/home.html" in "http://127.0.0.1:1080/cgi-bin/welcome.pl?signOff=true"  	[MsgId: MMSG-26574]
Cancel.c(5): Retrieving data from cache for "http://127.0.0.1:1080/WebTours/home.html"  	[MsgId: MMSG-26558]
Cancel.c(5): Notify: Saving Parameter "cSession = 125485.994896719ztftzifpizcfDiHcipVVfVHf".
Cancel.c(5): Resource "http://127.0.0.1:1080/WebTours/images/mer_login.gif" is in the cache already and will not be downloaded again  	[MsgId: MMSG-26655]
Cancel.c(5): web_url("webtours") was successful, 2172 body bytes, 582 header bytes, 24 chunking overhead bytes  	[MsgId: MMSG-26385]
Cancel.c(19): web_submit_data("login.pl") started  	[MsgId: MMSG-26355]
Cancel.c(19): Notify: Parameter Substitution: parameter "cSession" =  "125485.994896719ztftzifpizcfDiHcipVVfVHf"
Cancel.c(19): Detected non-resource "http://127.0.0.1:1080/cgi-bin/nav.pl?page=menu&in=home" in "http://127.0.0.1:1080/cgi-bin/login.pl"  	[MsgId: MMSG-26574]
Cancel.c(19): Detected non-resource "http://127.0.0.1:1080/cgi-bin/login.pl?intro=true" in "http://127.0.0.1:1080/cgi-bin/login.pl"  	[MsgId: MMSG-26574]
Cancel.c(19): Resource "http://127.0.0.1:1080/WebTours/images/flights.gif" is in the cache already and will not be downloaded again  	[MsgId: MMSG-26655]
Cancel.c(19): Resource "http://127.0.0.1:1080/WebTours/images/itinerary.gif" is in the cache already and will not be downloaded again  	[MsgId: MMSG-26655]
Cancel.c(19): Resource "http://127.0.0.1:1080/WebTours/images/in_home.gif" is in the cache already and will not be downloaded again  	[MsgId: MMSG-26655]
Cancel.c(19): Resource "http://127.0.0.1:1080/WebTours/images/signoff.gif" is in the cache already and will not be downloaded again  	[MsgId: MMSG-26655]
Cancel.c(19): web_submit_data("login.pl") was successful, 2881 body bytes, 841 header bytes, 36 chunking overhead bytes  	[MsgId: MMSG-26385]
Cancel.c(47): web_reg_save_param started  	[MsgId: MMSG-26355]
Cancel.c(47): Registering web_reg_save_param was successful  	[MsgId: MMSG-26390]
Cancel.c(48): web_reg_save_param started  	[MsgId: MMSG-26355]
Cancel.c(48): Registering web_reg_save_param was successful  	[MsgId: MMSG-26390]
Cancel.c(50): web_url("Itinerary Button") started  	[MsgId: MMSG-26355]
Cancel.c(50): Detected non-resource "http://127.0.0.1:1080/cgi-bin/nav.pl?page=menu&in=itinerary" in "http://127.0.0.1:1080/cgi-bin/welcome.pl?page=itinerary"  	[MsgId: MMSG-26574]
Cancel.c(50): Detected non-resource "http://127.0.0.1:1080/cgi-bin/itinerary.pl" in "http://127.0.0.1:1080/cgi-bin/welcome.pl?page=itinerary"  	[MsgId: MMSG-26574]
Cancel.c(50): Resource "http://127.0.0.1:1080/WebTours/images/flights.gif" is in the cache already and will not be downloaded again  	[MsgId: MMSG-26655]
Cancel.c(50): Found resource "http://127.0.0.1:1080/WebTours/images/in_itinerary.gif" in HTML "http://127.0.0.1:1080/cgi-bin/nav.pl?page=menu&in=itinerary"  	[MsgId: MMSG-26659]
Cancel.c(50): Resource "http://127.0.0.1:1080/WebTours/images/home.gif" is in the cache already and will not be downloaded again  	[MsgId: MMSG-26655]
Cancel.c(50): Resource "http://127.0.0.1:1080/WebTours/images/signoff.gif" is in the cache already and will not be downloaded again  	[MsgId: MMSG-26655]
Cancel.c(50): Notify: Saving Parameter "cFlightID_1 = 0-7-JB".
Cancel.c(50): Notify: Saving Parameter "cFlightID_2 = 251460081-1553-JB".
Cancel.c(50): Notify: Saving Parameter "cFlightID_3 = 128007869-2343-JB".
Cancel.c(50): Notify: Saving Parameter "cFlightID_4 = 1569363776-30921-JB".
Cancel.c(50): Notify: Saving Parameter "cFlightID_5 = 169149378-3862-JB".
Cancel.c(50): Notify: Saving Parameter "cFlightID_6 = 169150010-4636-JB".
Cancel.c(50): Notify: Saving Parameter "cFlightID_7 = 1691652633-53931-JB".
Cancel.c(50): Notify: Saving Parameter "cFlightID_8 = 169158-6-JB".
Cancel.c(50): Notify: Saving Parameter "cFlightID_9 = 3-0-&#10;".
Cancel.c(50): Notify: Saving Parameter "cFlightID_10 = 3-0-&#10;".
Cancel.c(50): Notify: Saving Parameter "cFlightID_11 = 3-0-&#10;".
Cancel.c(50): Notify: Saving Parameter "cFlightID_12 = 0-0-&#10;".
Cancel.c(50): Notify: Saving Parameter "cFlightID_13 = 0-1-&#10;".
Cancel.c(50): Notify: Saving Parameter "cFlightID_14 = 0-1-&#10;".
Cancel.c(50): Notify: Saving Parameter "cFlightID_15 = 0-1-&#10;".
Cancel.c(50): Notify: Saving Parameter "cFlightID_16 = 0-1-&#10;".
Cancel.c(50): Notify: Saving Parameter "cFlightID_17 = 0-1-&#10;".
Cancel.c(50): Notify: Saving Parameter "cFlightID_18 = 0-1-&#10;".
Cancel.c(50): Notify: Saving Parameter "cFlightID_19 = 0-1-&#10;".
Cancel.c(50): Notify: Saving Parameter "cFlightID_20 = 0-1-&#10;".
Cancel.c(50): Notify: Saving Parameter "cFlightID_21 = 0-1-&#10;".
Cancel.c(50): Notify: Saving Parameter "cFlightID_22 = 0-1-&#10;".
Cancel.c(50): Notify: Saving Parameter "cFlightID_23 = 0-1-&#10;".
Cancel.c(50): Notify: Saving Parameter "cFlightID_24 = 0-1-&#10;".
Cancel.c(50): Notify: Saving Parameter "cFlightID_25 = 0-1-&#10;".
Cancel.c(50): Notify: Saving Parameter "cFlightID_26 = 0-2-&#10;".
Cancel.c(50): Notify: Saving Parameter "cFlightID_27 = 0-2-&#10;".
Cancel.c(50): Notify: Saving Parameter "cFlightID_28 = 0-2-&#10;".
Cancel.c(50): Notify: Saving Parameter "cFlightID_29 = 0-2-&#10;".
Cancel.c(50): Notify: Saving Parameter "cFlightID_30 = 0-2-&#10;".
Cancel.c(50): Notify: Saving Parameter "cFlightID_31 = 0-2-&#10;".
Cancel.c(50): Notify: Saving Parameter "cFlightID_32 = 0-2-&#10;".
Cancel.c(50): Notify: Saving Parameter "cFlightID_33 = 0-2-&#10;".
Cancel.c(50): Notify: Saving Parameter "cFlightID_34 = 0-2-&#10;".
Cancel.c(50): Notify: Saving Parameter "cFlightID_35 = 0-2-&#10;".
Cancel.c(50): Notify: Saving Parameter "cFlightID_36 = 0-2-&#10;".
Cancel.c(50): Notify: Saving Parameter "cFlightID_37 = 0-2-&#10;".
Cancel.c(50): Notify: Saving Parameter "cFlightID_38 = 0-2-&#10;".
Cancel.c(50): Notify: Saving Parameter "cFlightID_39 = 0-3-&#10;".
Cancel.c(50): Notify: Saving Parameter "cFlightID_40 = 0-3-&#10;".
Cancel.c(50): Notify: Saving Parameter "cFlightID_41 = 0-3-&#10;".
Cancel.c(50): Notify: Saving Parameter "cFlightID_42 = 0-3-&#10;".
Cancel.c(50): Notify: Saving Parameter "cFlightID_43 = 0-3-&#10;".
Cancel.c(50): Notify: Saving Parameter "cFlightID_44 = 0-3-&#10;".
Cancel.c(50): Notify: Saving Parameter "cFlightID_45 = 0-3-&#10;".
Cancel.c(50): Notify: Saving Parameter "cFlightID_46 = 0-3-&#10;".
Cancel.c(50): Notify: Saving Parameter "cFlightID_47 = 0-3-&#10;".
Cancel.c(50): Notify: Saving Parameter "cFlightID_48 = 0-3-&#10;".
Cancel.c(50): Notify: Saving Parameter "cFlightID_49 = 0-3-&#10;".
Cancel.c(50): Notify: Saving Parameter "cFlightID_50 = 0-3-&#10;".
Cancel.c(50): Notify: Saving Parameter "cFlightID_51 = 0-3-&#10;".
Cancel.c(50): Notify: Saving Parameter "cFlightID_52 = 0-4-&#10;".
Cancel.c(50): Notify: Saving Parameter "cFlightID_53 = 0-4-&#10;".
Cancel.c(50): Notify: Saving Parameter "cFlightID_54 = 0-4-&#10;".
Cancel.c(50): Notify: Saving Parameter "cFlightID_55 = 0-4-&#10;".
Cancel.c(50): Notify: Saving Parameter "cFlightID_56 = 0-4-&#10;".
Cancel.c(50): Notify: Saving Parameter "cFlightID_57 = 0-4-&#10;".
Cancel.c(50): Notify: Saving Parameter "cFlightID_58 = 0-4-&#10;".
Cancel.c(50): Notify: Saving Parameter "cFlightID_59 = 0-4-&#10;".
Cancel.c(50): Notify: Saving Parameter "cFlightID_60 = 0-4-&#10;".
Cancel.c(50): Notify: Saving Parameter "cFlightID_61 = 0-4-&#10;".
Cancel.c(50): Notify: Saving Parameter "cFlightID_62 = 0-4-&#10;".
Cancel.c(50): Notify: Saving Parameter "cFlightID_63 = 0-4-&#10;".
Cancel.c(50): Notify: Saving Parameter "cFlightID_64 = 0-4-&#10;".
Cancel.c(50): Notify: Saving Parameter "cFlightID_65 = 0-5-&#10;".
Cancel.c(50): Notify: Saving Parameter "cFlightID_66 = 0-5-&#10;".
Cancel.c(50): Notify: Saving Parameter "cFlightID_67 = 0-5-&#10;".
Cancel.c(50): Notify: Saving Parameter "cFlightID_68 = 0-5-&#10;".
Cancel.c(50): Notify: Saving Parameter "cFlightID_69 = 0-5-&#10;".
Cancel.c(50): Notify: Saving Parameter "cFlightID_70 = 0-5-&#10;".
Cancel.c(50): Notify: Saving Parameter "cFlightID_71 = 0-5-&#10;".
Cancel.c(50): Notify: Saving Parameter "cFlightID_72 = 0-5-&#10;".
Cancel.c(50): Notify: Saving Parameter "cFlightID_73 = 0-5-&#10;".
Cancel.c(50): Notify: Saving Parameter "cFlightID_74 = 0-5-&#10;".
Cancel.c(50): Notify: Saving Parameter "cFlightID_75 = 0-5-&#10;".
Cancel.c(50): Notify: Saving Parameter "cFlightID_76 = 0-5-&#10;".
Cancel.c(50): Notify: Saving Parameter "cFlightID_77 = 0-5-&#10;".
Cancel.c(50): Notify: Saving Parameter "cFlightID_78 = 0-6-&#10;".
Cancel.c(50): Notify: Saving Parameter "cFlightID_79 = 0-6-&#10;".
Cancel.c(50): Notify: Saving Parameter "cFlightID_80 = 0-6-&#10;".
Cancel.c(50): Notify: Saving Parameter "cFlightID_81 = 0-6-&#10;".
Cancel.c(50): Notify: Saving Parameter "cFlightID_82 = 0-6-&#10;".
Cancel.c(50): Notify: Saving Parameter "cFlightID_83 = 0-6-&#10;".
Cancel.c(50): Notify: Saving Parameter "cFlightID_84 = 0-6-&#10;".
Cancel.c(50): Notify: Saving Parameter "cFlightID_85 = 0-6-&#10;".
Cancel.c(50): Notify: Saving Parameter "cFlightID_86 = 0-6-&#10;".
Cancel.c(50): Notify: Saving Parameter "cFlightID_87 = 0-6-&#10;".
Cancel.c(50): Notify: Saving Parameter "cFlightID_88 = 0-6-&#10;".
Cancel.c(50): Notify: Saving Parameter "cFlightID_89 = 0-6-&#10;".
Cancel.c(50): Notify: Saving Parameter "cFlightID_90 = 0-6-&#10;".
Cancel.c(50): Notify: Saving Parameter "cFlightID_91 = 0-7-&#10;".
Cancel.c(50): Notify: Saving Parameter "cFlightID_92 = 0-7-&#10;".
Cancel.c(50): Notify: Saving Parameter "cFlightID_93 = 0-7-&#10;".
Cancel.c(50): Notify: Saving Parameter "cFlightID_94 = 0-7-&#10;".
Cancel.c(50): Notify: Saving Parameter "cFlightID_95 = 0-7-&#10;".
Cancel.c(50): Notify: Saving Parameter "cFlightID_96 = 0-7-&#10;".
Cancel.c(50): Notify: Saving Parameter "cFlightID_97 = 0-7-&#10;".
Cancel.c(50): Notify: Saving Parameter "cFlightID_98 = 0-7-&#10;".
Cancel.c(50): Notify: Saving Parameter "cFlightID_99 = 0-7-&#10;".
Cancel.c(50): Notify: Saving Parameter "cFlightID_100 = 0-7-&#10;".
Cancel.c(50): Notify: Saving Parameter "cFlightID_101 = 0-7-t".
Cancel.c(50): Notify: Saving Parameter "cFlightID_102 = 0-7-t".
Cancel.c(50): Notify: Saving Parameter "cFlightID_103 = 0-7-t".
Cancel.c(50): Notify: Saving Parameter "cFlightID_104 = 0-8-&#10;".
Cancel.c(50): Notify: Saving Parameter "cFlightID_105 = 0-8-&#10;".
Cancel.c(50): Notify: Saving Parameter "cFlightID_106 = 0-8-t".
Cancel.c(50): Notify: Saving Parameter "cFlightID_107 = 0-8-t".
Cancel.c(50): Notify: Saving Parameter "cFlightID_108 = 0-8-t".
Cancel.c(50): Notify: Saving Parameter "cFlightID_109 = 0-8-t".
Cancel.c(50): Notify: Saving Parameter "cFlightID_110 = 0-8-t".
Cancel.c(50): Notify: Saving Parameter "cFlightID_111 = 0-8-h".
Cancel.c(50): Notify: Saving Parameter "cFlightID_112 = 0-8-h".
Cancel.c(50): Notify: Saving Parameter "cFlightID_113 = 0-8-&#10;".
Cancel.c(50): Notify: Saving Parameter "cFlightID_114 = 0-8-&#10;".
Cancel.c(50): Notify: Saving Parameter "cFlightID_115 = 0-8-&#10;".
Cancel.c(50): Notify: Saving Parameter "cFlightID_116 = 0-8-t".
Cancel.c(50): Notify: Saving Parameter "cFlightID_117 = 0-9-t".
Cancel.c(50): Notify: Saving Parameter "cFlightID_118 = 0-9-t".
Cancel.c(50): Notify: Saving Parameter "cFlightID_119 = 0-9-t".
Cancel.c(50): Notify: Saving Parameter "cFlightID_120 = 0-9-t".
Cancel.c(50): Notify: Saving Parameter "cFlightID_121 = 0-9-t".
Cancel.c(50): Notify: Saving Parameter "cFlightID_122 = 0-9-t".
Cancel.c(50): Notify: Saving Parameter "cFlightID_123 = 0-9-t".
Cancel.c(50): Notify: Saving Parameter "cFlightID_124 = 0-9-t".
Cancel.c(50): Notify: Saving Parameter "cFlightID_125 = 0-9-t".
Cancel.c(50): Notify: Saving Parameter "cFlightID_126 = 0-9-t".
Cancel.c(50): Notify: Saving Parameter "cFlightID_127 = 0-9-t".
Cancel.c(50): Notify: Saving Parameter "cFlightID_128 = 0-9-t".
Cancel.c(50): Notify: Saving Parameter "cFlightID_129 = 0-9-t".
Cancel.c(50): Notify: Saving Parameter "cFlightID_130 = 0-10-t".
Cancel.c(50): Notify: Saving Parameter "cFlightID_131 = 0-10-t".
Cancel.c(50): Notify: Saving Parameter "cFlightID_132 = 0-10-t".
Cancel.c(50): Notify: Saving Parameter "cFlightID_133 = 0-10-t".
Cancel.c(50): Notify: Saving Parameter "cFlightID_134 = 0-10-t".
Cancel.c(50): Notify: Saving Parameter "cFlightID_135 = 0-10-t".
Cancel.c(50): Notify: Saving Parameter "cFlightID_136 = 0-10-t".
Cancel.c(50): Notify: Saving Parameter "cFlightID_137 = 0-10-t".
Cancel.c(50): Notify: Saving Parameter "cFlightID_138 = 0-10-t".
Cancel.c(50): Notify: Saving Parameter "cFlightID_139 = 0-10-t".
Cancel.c(50): Notify: Saving Parameter "cFlightID_140 = 0-10-t".
Cancel.c(50): Notify: Saving Parameter "cFlightID_141 = 0-10-t".
Cancel.c(50): Notify: Saving Parameter "cFlightID_142 = 0-10-t".
Cancel.c(50): Notify: Saving Parameter "cFlightID_143 = 0-11-t".
Cancel.c(50): Notify: Saving Parameter "cFlightID_144 = 0-11-t".
Cancel.c(50): Notify: Saving Parameter "cFlightID_145 = 0-11-t".
Cancel.c(50): Notify: Saving Parameter "cFlightID_146 = 0-11-t".
Cancel.c(50): Notify: Saving Parameter "cFlightID_147 = 0-11-t".
Cancel.c(50): Notify: Saving Parameter "cFlightID_148 = 0-11-t".
Cancel.c(50): Notify: Saving Parameter "cFlightID_149 = 0-11-t".
Cancel.c(50): Notify: Saving Parameter "cFlightID_150 = 0-11-t".
Cancel.c(50): Notify: Saving Parameter "cFlightID_151 = 0-11-t".
Cancel.c(50): Notify: Saving Parameter "cFlightID_152 = 0-11-t".
Cancel.c(50): Notify: Saving Parameter "cFlightID_153 = 0-11-t".
Cancel.c(50): Notify: Saving Parameter "cFlightID_154 = 0-11-t".
Cancel.c(50): Notify: Saving Parameter "cFlightID_155 = 0-11-t".
Cancel.c(50): Notify: Saving Parameter "cFlightID_156 = 0-12-t".
Cancel.c(50): Notify: Saving Parameter "cFlightID_157 = 0-12-&#10;".
Cancel.c(50): Notify: Saving Parameter "cFlightID_158 = 0-12-t".
Cancel.c(50): Notify: Saving Parameter "cFlightID_159 = 0-12-t".
Cancel.c(50): Notify: Saving Parameter "cFlightID_160 = 0-12-t".
Cancel.c(50): Notify: Saving Parameter "cFlightID_161 = 0-12-t".
Cancel.c(50): Notify: Saving Parameter "cFlightID_162 = 0-12-t".
Cancel.c(50): Notify: Saving Parameter "cFlightID_163 = 0-12-t".
Cancel.c(50): Notify: Saving Parameter "cFlightID_164 = 0-12-t".
Cancel.c(50): Notify: Saving Parameter "cFlightID_165 = 0-12-t".
Cancel.c(50): Notify: Saving Parameter "cFlightID_166 = 0-12-t".
Cancel.c(50): Notify: Saving Parameter "cFlightID_167 = 0-12-t".
Cancel.c(50): Notify: Saving Parameter "cFlightID_168 = 0-12-t".
Cancel.c(50): Notify: Saving Parameter "cFlightID_169 = 0-13-t".
Cancel.c(50): Notify: Saving Parameter "cFlightID_170 = 0-13-t".
Cancel.c(50): Notify: Saving Parameter "cFlightID_171 = 0-13-t".
Cancel.c(50): Notify: Saving Parameter "cFlightID_172 = 0-13-t".
Cancel.c(50): Notify: Saving Parameter "cFlightID_173 = 0-13-t".
Cancel.c(50): Notify: Saving Parameter "cFlightID_174 = 0-13-t".
Cancel.c(50): Notify: Saving Parameter "cFlightID_175 = 0-13-t".
Cancel.c(50): Notify: Saving Parameter "cFlightID_176 = 0-13-t".
Cancel.c(50): Notify: Saving Parameter "cFlightID_177 = 0-13-t".
Cancel.c(50): Notify: Saving Parameter "cFlightID_178 = 0-13-t".
Cancel.c(50): Notify: Saving Parameter "cFlightID_179 = 0-13-t".
Cancel.c(50): Notify: Saving Parameter "cFlightID_180 = 0-13-t".
Cancel.c(50): Notify: Saving Parameter "cFlightID_181 = 0-13-t".
Cancel.c(50): Notify: Saving Parameter "cFlightID_182 = 0-14-t".
Cancel.c(50): Notify: Saving Parameter "cFlightID_183 = 0-14-t".
Cancel.c(50): Notify: Saving Parameter "cFlightID_184 = 0-14-t".
Cancel.c(50): Notify: Saving Parameter "cFlightID_185 = 0-14-t".
Cancel.c(50): Notify: Saving Parameter "cFlightID_186 = 0-14-t".
Cancel.c(50): Notify: Saving Parameter "cFlightID_187 = 0-14-t".
Cancel.c(50): Notify: Saving Parameter "cFlightID_188 = 0-14-t".
Cancel.c(50): Notify: Saving Parameter "cFlightID_189 = 0-14-t".
Cancel.c(50): Notify: Saving Parameter "cFlightID_190 = 0-14-t".
Cancel.c(50): Notify: Saving Parameter "cFlightID_191 = 0-14-t".
Cancel.c(50): Notify: Saving Parameter "cFlightID_192 = 0-14-t".
Cancel.c(50): Notify: Saving Parameter "cFlightID_193 = 0-14-t".
Cancel.c(50): Notify: Saving Parameter "cFlightID_194 = 0-14-t".
Cancel.c(50): Notify: Saving Parameter "cFlightID_195 = 0-15-t".
Cancel.c(50): Notify: Saving Parameter "cFlightID_196 = 0-15-t".
Cancel.c(50): Notify: Saving Parameter "cFlightID_197 = 0-15-t".
Cancel.c(50): Notify: Saving Parameter "cFlightID_198 = 0-15-t".
Cancel.c(50): Notify: Saving Parameter "cFlightID_199 = 0-15-t".
Cancel.c(50): Notify: Saving Parameter "cFlightID_200 = 0-15-t".
Cancel.c(50): Notify: Saving Parameter "cFlightID_201 = 0-15-t".
Cancel.c(50): Notify: Saving Parameter "cFlightID_202 = 0-15-t".
Cancel.c(50): Notify: Saving Parameter "cFlightID_203 = 0-15-t".
Cancel.c(50): Notify: Saving Parameter "cFlightID_204 = 0-15-t".
Cancel.c(50): Notify: Saving Parameter "cFlightID_205 = 0-15-t".
Cancel.c(50): Notify: Saving Parameter "cFlightID_206 = 0-15-t".
Cancel.c(50): Notify: Saving Parameter "cFlightID_207 = 0-15-t".
Cancel.c(50): Notify: Saving Parameter "cFlightID_208 = 0-16-t".
Cancel.c(50): Notify: Saving Parameter "cFlightID_209 = 0-16-t".
Cancel.c(50): Notify: Saving Parameter "cFlightID_210 = 0-16-t".
Cancel.c(50): Notify: Saving Parameter "cFlightID_211 = 0-16-t".
Cancel.c(50): Notify: Saving Parameter "cFlightID_212 = 0-16-t".
Cancel.c(50): Notify: Saving Parameter "cFlightID_213 = 0-16-t".
Cancel.c(50): Notify: Saving Parameter "cFlightID_214 = 0-16-t".
Cancel.c(50): Notify: Saving Parameter "cFlightID_215 = 0-16-t".
Cancel.c(50): Notify: Saving Parameter "cFlightID_216 = 0-16-t".
Cancel.c(50): Notify: Saving Parameter "cFlightID_217 = 0-16-t".
Cancel.c(50): Notify: Saving Parameter "cFlightID_218 = 0-16-t".
Cancel.c(50): Notify: Saving Parameter "cFlightID_219 = 0-16-t".
Cancel.c(50): Notify: Saving Parameter "cFlightID_220 = 0-16-t".
Cancel.c(50): Notify: Saving Parameter "cFlightID_221 = 0-17-t".
Cancel.c(50): Notify: Saving Parameter "cFlightID_222 = 0-17-t".
Cancel.c(50): Notify: Saving Parameter "cFlightID_223 = 0-17-t".
Cancel.c(50): Notify: Saving Parameter "cFlightID_224 = 0-17-t".
Cancel.c(50): Notify: Saving Parameter "cFlightID_225 = 0-17-t".
Cancel.c(50): Notify: Saving Parameter "cFlightID_226 = 0-17-t".
Cancel.c(50): Notify: Saving Parameter "cFlightID_227 = 0-17-t".
Cancel.c(50): Notify: Saving Parameter "cFlightID_228 = 0-17-t".
Cancel.c(50): Notify: Saving Parameter "cFlightID_229 = 0-17-t".
Cancel.c(50): Notify: Saving Parameter "cFlightID_230 = 0-17-t".
Cancel.c(50): Notify: Saving Parameter "cFlightID_231 = 0-17-t".
Cancel.c(50): Notify: Saving Parameter "cFlightID_232 = 0-17-t".
Cancel.c(50): Notify: Saving Parameter "cFlightID_233 = 0-17-t".
Cancel.c(50): Notify: Saving Parameter "cFlightID_234 = 0-18-t".
Cancel.c(50): Notify: Saving Parameter "cFlightID_235 = 0-18-t".
Cancel.c(50): Notify: Saving Parameter "cFlightID_236 = 0-18-t".
Cancel.c(50): Notify: Saving Parameter "cFlightID_237 = 0-18-t".
Cancel.c(50): Notify: Saving Parameter "cFlightID_238 = 0-18-t".
Cancel.c(50): Notify: Saving Parameter "cFlightID_239 = 0-18-t".
Cancel.c(50): Notify: Saving Parameter "cFlightID_240 = 0-18-t".
Cancel.c(50): Notify: Saving Parameter "cFlightID_241 = 0-18-t".
Cancel.c(50): Notify: Saving Parameter "cFlightID_242 = 0-18-t".
Cancel.c(50): Notify: Saving Parameter "cFlightID_243 = 0-18-t".
Cancel.c(50): Notify: Saving Parameter "cFlightID_244 = 0-18-t".
Cancel.c(50): Notify: Saving Parameter "cFlightID_245 = 0-18-t".
Cancel.c(50): Notify: Saving Parameter "cFlightID_246 = 0-18-t".
Cancel.c(50): Notify: Saving Parameter "cFlightID_247 = 0-19-t".
Cancel.c(50): Notify: Saving Parameter "cFlightID_248 = 0-19-t".
Cancel.c(50): Notify: Saving Parameter "cFlightID_249 = 0-19-t".
Cancel.c(50): Notify: Saving Parameter "cFlightID_250 = 0-19-t".
Cancel.c(50): Notify: Saving Parameter "cFlightID_251 = 0-19-t".
Cancel.c(50): Notify: Saving Parameter "cFlightID_252 = 0-19-t".
Cancel.c(50): Notify: Saving Parameter "cFlightID_253 = 0-19-t".
Cancel.c(50): Notify: Saving Parameter "cFlightID_254 = 0-19-t".
Cancel.c(50): Notify: Saving Parameter "cFlightID_255 = 0-19-t".
Cancel.c(50): Notify: Saving Parameter "cFlightID_256 = 0-19-t".
Cancel.c(50): Notify: Saving Parameter "cFlightID_257 = 0-19-t".
Cancel.c(50): Notify: Saving Parameter "cFlightID_258 = 0-19-t".
Cancel.c(50): Notify: Saving Parameter "cFlightID_259 = 0-19-t".
Cancel.c(50): Notify: Saving Parameter "cFlightID_260 = 0-20-T".
Cancel.c(50): Notify: Saving Parameter "cFlightID_261 = 0-20-T".
Cancel.c(50): Notify: Saving Parameter "cFlightID_262 = 0-20-T".
Cancel.c(50): Notify: Saving Parameter "cFlightID_263 = 0-20-T".
Cancel.c(50): Notify: Saving Parameter "cFlightID_264 = 0-20-T".
Cancel.c(50): Notify: Saving Parameter "cFlightID_265 = 0-20-s".
Cancel.c(50): Notify: Saving Parameter "cFlightID_266 = 0-20-t".
Cancel.c(50): Notify: Saving Parameter "cFlightID_267 = 0-20-t".
Cancel.c(50): Notify: Saving Parameter "cFlightID_268 = 0-20-t".
Cancel.c(50): Notify: Saving Parameter "cFlightID_269 = 0-20-t".
Cancel.c(50): Notify: Saving Parameter "cFlightID_270 = 0-20-t".
Cancel.c(50): Notify: Saving Parameter "cFlightID_271 = 0-20-t".
Cancel.c(50): Notify: Saving Parameter "cFlightID_272 = 0-20-t".
Cancel.c(50): Notify: Saving Parameter "cFlightID_273 = 0-21-t".
Cancel.c(50): Notify: Saving Parameter "cFlightID_274 = 0-21-t".
Cancel.c(50): Notify: Saving Parameter "cFlightID_275 = 0-21-t".
Cancel.c(50): Notify: Saving Parameter "cFlightID_276 = 0-21-t".
Cancel.c(50): Notify: Saving Parameter "cFlightID_277 = 0-21-t".
Cancel.c(50): Notify: Saving Parameter "cFlightID_278 = 0-21-t".
Cancel.c(50): Notify: Saving Parameter "cFlightID_279 = 0-21-t".
Cancel.c(50): Notify: Saving Parameter "cFlightID_280 = 0-21-t".
Cancel.c(50): Notify: Saving Parameter "cFlightID_281 = 0-21-t".
Cancel.c(50): Notify: Saving Parameter "cFlightID_282 = 0-21-t".
Cancel.c(50): Notify: Saving Parameter "cFlightID_283 = 0-21-t".
Cancel.c(50): Notify: Saving Parameter "cFlightID_284 = 0-21-t".
Cancel.c(50): Notify: Saving Parameter "cFlightID_285 = 0-21-t".
Cancel.c(50): Notify: Saving Parameter "cFlightID_286 = 0-22-t".
Cancel.c(50): Notify: Saving Parameter "cFlightID_287 = 0-22-t".
Cancel.c(50): Notify: Saving Parameter "cFlightID_288 = 0-22-t".
Cancel.c(50): Notify: Saving Parameter "cFlightID_289 = 0-22-t".
Cancel.c(50): Notify: Saving Parameter "cFlightID_290 = 0-22-t".
Cancel.c(50): Notify: Saving Parameter "cFlightID_291 = 0-22-t".
Cancel.c(50): Notify: Saving Parameter "cFlightID_292 = 0-22-t".
Cancel.c(50): Notify: Saving Parameter "cFlightID_293 = 0-22-t".
Cancel.c(50): Notify: Saving Parameter "cFlightID_294 = 0-22-t".
Cancel.c(50): Notify: Saving Parameter "cFlightID_295 = 0-22-t".
Cancel.c(50): Notify: Saving Parameter "cFlightID_296 = 0-22-t".
Cancel.c(50): Notify: Saving Parameter "cFlightID_297 = 0-22-t".
Cancel.c(50): Notify: Saving Parameter "cFlightID_298 = 0-22-t".
Cancel.c(50): Notify: Saving Parameter "cFlightID_299 = 0-23-t".
Cancel.c(50): Notify: Saving Parameter "cFlightID_300 = 0-23-t".
Cancel.c(50): Notify: Saving Parameter "cFlightID_301 = 0-23-t".
Cancel.c(50): Notify: Saving Parameter "cFlightID_302 = 0-23-t".
Cancel.c(50): Notify: Saving Parameter "cFlightID_303 = 0-23-t".
Cancel.c(50): Notify: Saving Parameter "cFlightID_304 = 0-23-t".
Cancel.c(50): Notify: Saving Parameter "cFlightID_305 = 0-23-t".
Cancel.c(50): Notify: Saving Parameter "cFlightID_306 = 0-23-t".
Cancel.c(50): Notify: Saving Parameter "cFlightID_307 = 0-23-t".
Cancel.c(50): Notify: Saving Parameter "cFlightID_308 = 0-23-t".
Cancel.c(50): Notify: Saving Parameter "cFlightID_309 = 0-23-t".
Cancel.c(50): Notify: Saving Parameter "cFlightID_310 = 0-23-t".
Cancel.c(50): Notify: Saving Parameter "cFlightID_311 = 0-23-t".
Cancel.c(50): Notify: Saving Parameter "cFlightID_312 = 0-24-t".
Cancel.c(50): Notify: Saving Parameter "cFlightID_313 = 0-24-t".
Cancel.c(50): Notify: Saving Parameter "cFlightID_314 = 0-24-t".
Cancel.c(50): Notify: Saving Parameter "cFlightID_315 = 0-24-t".
Cancel.c(50): Notify: Saving Parameter "cFlightID_316 = 0-24-t".
Cancel.c(50): Notify: Saving Parameter "cFlightID_317 = 0-24-t".
Cancel.c(50): Notify: Saving Parameter "cFlightID_318 = 0-24-t".
Cancel.c(50): Notify: Saving Parameter "cFlightID_319 = 0-24-T".
Cancel.c(50): Notify: Saving Parameter "cFlightID_320 = 0-24-T".
Cancel.c(50): Notify: Saving Parameter "cFlightID_321 = 0-24-T".
Cancel.c(50): Notify: Saving Parameter "cFlightID_322 = 0-24-T".
Cancel.c(50): Notify: Saving Parameter "cFlightID_323 = 0-24-T".
Cancel.c(50): Notify: Saving Parameter "cFlightID_324 = 0-24-T".
Cancel.c(50): Notify: Saving Parameter "cFlightID_325 = 0-25-T".
Cancel.c(50): Notify: Saving Parameter "cFlightID_326 = 0-25-t".
Cancel.c(50): Notify: Saving Parameter "cFlightID_327 = 0-25-t".
Cancel.c(50): Notify: Saving Parameter "cFlightID_328 = 0-25-t".
Cancel.c(50): Notify: Saving Parameter "cFlightID_329 = 0-25-t".
Cancel.c(50): Notify: Saving Parameter "cFlightID_330 = 0-25-t".
Cancel.c(50): Notify: Saving Parameter "cFlightID_331 = 0-25-t".
Cancel.c(50): Notify: Saving Parameter "cFlightID_332 = 0-25-t".
Cancel.c(50): Notify: Saving Parameter "cFlightID_333 = 0-256-t".
Cancel.c(50): Notify: Saving Parameter "cCGIFields_1 = 127".
Cancel.c(50): Notify: Saving Parameter "cCGIFields_2 = 32".
Cancel.c(50): Notify: Saving Parameter "cCGIFields_3 = 276".
Cancel.c(50): Notify: Saving Parameter "cCGIFields_4 = 90".
Cancel.c(50): Notify: Saving Parameter "cCGIFields_5 = 206".
Cancel.c(50): Notify: Saving Parameter "cCGIFields_6 = 118".
Cancel.c(50): Notify: Saving Parameter "cCGIFields_7 = 71".
Cancel.c(50): Notify: Saving Parameter "cCGIFields_8 = 102".
Cancel.c(50): Notify: Saving Parameter "cCGIFields_9 = 331".
Cancel.c(50): Notify: Saving Parameter "cCGIFields_10 = 16".
Cancel.c(50): Notify: Saving Parameter "cCGIFields_11 = 55".
Cancel.c(50): Notify: Saving Parameter "cCGIFields_12 = 84".
Cancel.c(50): Notify: Saving Parameter "cCGIFields_13 = 233".
Cancel.c(50): Notify: Saving Parameter "cCGIFields_14 = 259".
Cancel.c(50): Notify: Saving Parameter "cCGIFields_15 = 194".
Cancel.c(50): Notify: Saving Parameter "cCGIFields_16 = 57".
Cancel.c(50): Notify: Saving Parameter "cCGIFields_17 = 220".
Cancel.c(50): Notify: Saving Parameter "cCGIFields_18 = 316".
Cancel.c(50): Notify: Saving Parameter "cCGIFields_19 = 163".
Cancel.c(50): Notify: Saving Parameter "cCGIFields_20 = 89".
Cancel.c(50): Notify: Saving Parameter "cCGIFields_21 = 175".
Cancel.c(50): Notify: Saving Parameter "cCGIFields_22 = 31".
Cancel.c(50): Notify: Saving Parameter "cCGIFields_23 = 35".
Cancel.c(50): Notify: Saving Parameter "cCGIFields_24 = 11".
Cancel.c(50): Notify: Saving Parameter "cCGIFields_25 = 208".
Cancel.c(50): Notify: Saving Parameter "cCGIFields_26 = 93".
Cancel.c(50): Notify: Saving Parameter "cCGIFields_27 = 292".
Cancel.c(50): Notify: Saving Parameter "cCGIFields_28 = 325".
Cancel.c(50): Notify: Saving Parameter "cCGIFields_29 = 29".
Cancel.c(50): Notify: Saving Parameter "cCGIFields_30 = 291".
Cancel.c(50): Notify: Saving Parameter "cCGIFields_31 = 199".
Cancel.c(50): Notify: Saving Parameter "cCGIFields_32 = 114".
Cancel.c(50): Notify: Saving Parameter "cCGIFields_33 = 226".
Cancel.c(50): Notify: Saving Parameter "cCGIFields_34 = 58".
Cancel.c(50): Notify: Saving Parameter "cCGIFields_35 = 211".
Cancel.c(50): Notify: Saving Parameter "cCGIFields_36 = 153".
Cancel.c(50): Notify: Saving Parameter "cCGIFields_37 = 15".
Cancel.c(50): Notify: Saving Parameter "cCGIFields_38 = 101".
Cancel.c(50): Notify: Saving Parameter "cCGIFields_39 = 73".
Cancel.c(50): Notify: Saving Parameter "cCGIFields_40 = 76".
Cancel.c(50): Notify: Saving Parameter "cCGIFields_41 = 311".
Cancel.c(50): Notify: Saving Parameter "cCGIFields_42 = 62".
Cancel.c(50): Notify: Saving Parameter "cCGIFields_43 = 67".
Cancel.c(50): Notify: Saving Parameter "cCGIFields_44 = 241".
Cancel.c(50): Notify: Saving Parameter "cCGIFields_45 = 198".
Cancel.c(50): Notify: Saving Parameter "cCGIFields_46 = 139".
Cancel.c(50): Notify: Saving Parameter "cCGIFields_47 = 129".
Cancel.c(50): Notify: Saving Parameter "cCGIFields_48 = 327".
Cancel.c(50): Notify: Saving Parameter "cCGIFields_49 = 320".
Cancel.c(50): Notify: Saving Parameter "cCGIFields_50 = 280".
Cancel.c(50): Notify: Saving Parameter "cCGIFields_51 = 273".
Cancel.c(50): Notify: Saving Parameter "cCGIFields_52 = 236".
Cancel.c(50): Notify: Saving Parameter "cCGIFields_53 = 249".
Cancel.c(50): Notify: Saving Parameter "cCGIFields_54 = 218".
Cancel.c(50): Notify: Saving Parameter "cCGIFields_55 = 202".
Cancel.c(50): Notify: Saving Parameter "cCGIFields_56 = 168".
Cancel.c(50): Notify: Saving Parameter "cCGIFields_57 = 184".
Cancel.c(50): Notify: Saving Parameter "cCGIFields_58 = 135".
Cancel.c(50): Notify: Saving Parameter "cCGIFields_59 = 14".
Cancel.c(50): Notify: Saving Parameter "cCGIFields_60 = 145".
Cancel.c(50): Notify: Saving Parameter "cCGIFields_61 = 49".
Cancel.c(50): Notify: Saving Parameter "cCGIFields_62 = 178".
Cancel.c(50): Notify: Saving Parameter "cCGIFields_63 = 24".
Cancel.c(50): Notify: Saving Parameter "cCGIFields_64 = 285".
Cancel.c(50): Notify: Saving Parameter "cCGIFields_65 = 140".
Cancel.c(50): Notify: Saving Parameter "cCGIFields_66 = 124".
Cancel.c(50): Notify: Saving Parameter "cCGIFields_67 = 104".
Cancel.c(50): Notify: Saving Parameter "cCGIFields_68 = 131".
Cancel.c(50): Notify: Saving Parameter "cCGIFields_69 = 181".
Cancel.c(50): Notify: Saving Parameter "cCGIFields_70 = 234".
Cancel.c(50): Notify: Saving Parameter "cCGIFields_71 = 314".
Cancel.c(50): Notify: Saving Parameter "cCGIFields_72 = 307".
Cancel.c(50): Notify: Saving Parameter "cCGIFields_73 = 154".
Cancel.c(50): Notify: Saving Parameter "cCGIFields_74 = 23".
Cancel.c(50): Notify: Saving Parameter "cCGIFields_75 = 96".
Cancel.c(50): Notify: Saving Parameter "cCGIFields_76 = 159".
Cancel.c(50): Notify: Saving Parameter "cCGIFields_77 = 326".
Cancel.c(50): Notify: Saving Parameter "cCGIFields_78 = 160".
Cancel.c(50): Notify: Saving Parameter "cCGIFields_79 = 47".
Cancel.c(50): Notify: Saving Parameter "cCGIFields_80 = 8".
Cancel.c(50): Notify: Saving Parameter "cCGIFields_81 = 98".
Cancel.c(50): Notify: Saving Parameter "cCGIFields_82 = 37".
Cancel.c(50): Notify: Saving Parameter "cCGIFields_83 = 43".
Cancel.c(50): Notify: Saving Parameter "cCGIFields_84 = 270".
Cancel.c(50): Notify: Saving Parameter "cCGIFields_85 = 195".
Cancel.c(50): Notify: Saving Parameter "cCGIFields_86 = 5".
Cancel.c(50): Notify: Saving Parameter "cCGIFields_87 = 21".
Cancel.c(50): Notify: Saving Parameter "cCGIFields_88 = 288".
Cancel.c(50): Notify: Saving Parameter "cCGIFields_89 = 193".
Cancel.c(50): Notify: Saving Parameter "cCGIFields_90 = 119".
Cancel.c(50): Notify: Saving Parameter "cCGIFields_91 = 324".
Cancel.c(50): Notify: Saving Parameter "cCGIFields_92 = 180".
Cancel.c(50): Notify: Saving Parameter "cCGIFields_93 = 244".
Cancel.c(50): Notify: Saving Parameter "cCGIFields_94 = 162".
Cancel.c(50): Notify: Saving Parameter "cCGIFields_95 = 246".
Cancel.c(50): Notify: Saving Parameter "cCGIFields_96 = 240".
Cancel.c(50): Notify: Saving Parameter "cCGIFields_97 = 74".
Cancel.c(50): Notify: Saving Parameter "cCGIFields_98 = 61".
Cancel.c(50): Notify: Saving Parameter "cCGIFields_99 = 230".
Cancel.c(50): Notify: Saving Parameter "cCGIFields_100 = 299".
Cancel.c(50): Notify: Saving Parameter "cCGIFields_101 = 115".
Cancel.c(50): Notify: Saving Parameter "cCGIFields_102 = 103".
Cancel.c(50): Notify: Saving Parameter "cCGIFields_103 = 201".
Cancel.c(50): Notify: Saving Parameter "cCGIFields_104 = 113".
Cancel.c(50): Notify: Saving Parameter "cCGIFields_105 = 152".
Cancel.c(50): Notify: Saving Parameter "cCGIFields_106 = 189".
Cancel.c(50): Notify: Saving Parameter "cCGIFields_107 = 295".
Cancel.c(50): Notify: Saving Parameter "cCGIFields_108 = 266".
Cancel.c(50): Notify: Saving Parameter "cCGIFields_109 = 91".
Cancel.c(50): Notify: Saving Parameter "cCGIFields_110 = 107".
Cancel.c(50): Notify: Saving Parameter "cCGIFields_111 = 87".
Cancel.c(50): Notify: Saving Parameter "cCGIFields_112 = 174".
Cancel.c(50): Notify: Saving Parameter "cCGIFields_113 = 77".
Cancel.c(50): Notify: Saving Parameter "cCGIFields_114 = 214".
Cancel.c(50): Notify: Saving Parameter "cCGIFields_115 = 221".
Cancel.c(50): Notify: Saving Parameter "cCGIFields_116 = 39".
Cancel.c(50): Notify: Saving Parameter "cCGIFields_117 = 64".
Cancel.c(50): Notify: Saving Parameter "cCGIFields_118 = 97".
Cancel.c(50): Notify: Saving Parameter "cCGIFields_119 = 12".
Cancel.c(50): Notify: Saving Parameter "cCGIFields_120 = 41".
Cancel.c(50): Notify: Saving Parameter "cCGIFields_121 = 52".
Cancel.c(50): Notify: Saving Parameter "cCGIFields_122 = 312".
Cancel.c(50): Notify: Saving Parameter "cCGIFields_123 = 302".
Cancel.c(50): Notify: Saving Parameter "cCGIFields_124 = 229".
Cancel.c(50): Notify: Saving Parameter "cCGIFields_125 = 45".
Cancel.c(50): Notify: Saving Parameter "cCGIFields_126 = 260".
Cancel.c(50): Notify: Saving Parameter "cCGIFields_127 = 237".
Cancel.c(50): Notify: Saving Parameter "cCGIFields_128 = 309".
Cancel.c(50): Notify: Saving Parameter "cCGIFields_129 = 188".
Cancel.c(50): Notify: Saving Parameter "cCGIFields_130 = 68".
Cancel.c(50): Notify: Saving Parameter "cCGIFields_131 = 315".
Cancel.c(50): Notify: Saving Parameter "cCGIFields_132 = 1".
Cancel.c(50): Notify: Saving Parameter "cCGIFields_133 = 136".
Cancel.c(50): Notify: Saving Parameter "cCGIFields_134 = 116".
Cancel.c(50): Notify: Saving Parameter "cCGIFields_135 = 144".
Cancel.c(50): Notify: Saving Parameter "cCGIFields_136 = 100".
Cancel.c(50): Notify: Saving Parameter "cCGIFields_137 = 300".
Cancel.c(50): Notify: Saving Parameter "cCGIFields_138 = 222".
Cancel.c(50): Notify: Saving Parameter "cCGIFields_139 = 25".
Cancel.c(50): Notify: Saving Parameter "cCGIFields_140 = 286".
Cancel.c(50): Notify: Saving Parameter "cCGIFields_141 = 120".
Cancel.c(50): Notify: Saving Parameter "cCGIFields_142 = 83".
Cancel.c(50): Notify: Saving Parameter "cCGIFields_143 = 305".
Cancel.c(50): Notify: Saving Parameter "cCGIFields_144 = 308".
Cancel.c(50): Notify: Saving Parameter "cCGIFields_145 = 254".
Cancel.c(50): Notify: Saving Parameter "cCGIFields_146 = 177".
Cancel.c(50): Notify: Saving Parameter "cCGIFields_147 = 217".
Cancel.c(50): Notify: Saving Parameter "cCGIFields_148 = 328".
Cancel.c(50): Notify: Saving Parameter "cCGIFields_149 = 239".
Cancel.c(50): Notify: Saving Parameter "cCGIFields_150 = 122".
Cancel.c(50): Notify: Saving Parameter "cCGIFields_151 = 143".
Cancel.c(50): Notify: Saving Parameter "cCGIFields_152 = 281".
Cancel.c(50): Notify: Saving Parameter "cCGIFields_153 = 269".
Cancel.c(50): Notify: Saving Parameter "cCGIFields_154 = 205".
Cancel.c(50): Notify: Saving Parameter "cCGIFields_155 = 158".
Cancel.c(50): Notify: Saving Parameter "cCGIFields_156 = 42".
Cancel.c(50): Notify: Saving Parameter "cCGIFields_157 = 22".
Cancel.c(50): Notify: Saving Parameter "cCGIFields_158 = 46".
Cancel.c(50): Notify: Saving Parameter "cCGIFields_159 = 235".
Cancel.c(50): Notify: Saving Parameter "cCGIFields_160 = 301".
Cancel.c(50): Notify: Saving Parameter "cCGIFields_161 = 6".
Cancel.c(50): Notify: Saving Parameter "cCGIFields_162 = 36".
Cancel.c(50): Notify: Saving Parameter "cCGIFields_163 = 213".
Cancel.c(50): Notify: Saving Parameter "cCGIFields_164 = 183".
Cancel.c(50): Notify: Saving Parameter "cCGIFields_165 = 94".
Cancel.c(50): Notify: Saving Parameter "cCGIFields_166 = 51".
Cancel.c(50): Notify: Saving Parameter "cCGIFields_167 = 317".
Cancel.c(50): Notify: Saving Parameter "cCGIFields_168 = 296".
Cancel.c(50): Notify: Saving Parameter "cCGIFields_169 = 265".
Cancel.c(50): Notify: Saving Parameter "cCGIFields_170 = 169".
Cancel.c(50): Notify: Saving Parameter "cCGIFields_171 = 132".
Cancel.c(50): Notify: Saving Parameter "cCGIFields_172 = 171".
Cancel.c(50): Notify: Saving Parameter "cCGIFields_173 = 200".
Cancel.c(50): Notify: Saving Parameter "cCGIFields_174 = 18".
Cancel.c(50): Notify: Saving Parameter "cCGIFields_175 = 125".
Cancel.c(50): Notify: Saving Parameter "cCGIFields_176 = 329".
Cancel.c(50): Notify: Saving Parameter "cCGIFields_177 = 44".
Cancel.c(50): Notify: Saving Parameter "cCGIFields_178 = 27".
Cancel.c(50): Notify: Saving Parameter "cCGIFields_179 = 272".
Cancel.c(50): Notify: Saving Parameter "cCGIFields_180 = 161".
Cancel.c(50): Notify: Saving Parameter "cCGIFields_181 = 190".
Cancel.c(50): Notify: Saving Parameter "cCGIFields_182 = 298".
Cancel.c(50): Notify: Saving Parameter "cCGIFields_183 = 95".
Cancel.c(50): Notify: Saving Parameter "cCGIFields_184 = 313".
Cancel.c(50): Notify: Saving Parameter "cCGIFields_185 = 20".
Cancel.c(50): Notify: Saving Parameter "cCGIFields_186 = 109".
Cancel.c(50): Notify: Saving Parameter "cCGIFields_187 = 231".
Cancel.c(50): Notify: Saving Parameter "cCGIFields_188 = 243".
Cancel.c(50): Notify: Saving Parameter "cCGIFields_189 = 151".
Cancel.c(50): Notify: Saving Parameter "cCGIFields_190 = 148".
Cancel.c(50): Notify: Saving Parameter "cCGIFields_191 = 287".
Cancel.c(50): Notify: Saving Parameter "cCGIFields_192 = 78".
Cancel.c(50): Notify: Saving Parameter "cCGIFields_193 = 294".
Cancel.c(50): Found resource "http://127.0.0.1:1080/WebTours/images/cancelreservation.gif" in HTML "http://127.0.0.1:1080/cgi-bin/itinerary.pl"  	[MsgId: MMSG-26659]
Cancel.c(50): Found resource "http://127.0.0.1:1080/WebTours/images/cancelallreservations.gif" in HTML "http://127.0.0.1:1080/cgi-bin/itinerary.pl"  	[MsgId: MMSG-26659]
Cancel.c(50): Notify: Saving Parameter "cCGIFields_194 = 106".
Cancel.c(50): Notify: Saving Parameter "cCGIFields_195 = 275".
Cancel.c(50): Notify: Saving Parameter "cCGIFields_196 = 157".
Cancel.c(50): Notify: Saving Parameter "cCGIFields_197 = 65".
Cancel.c(50): Notify: Saving Parameter "cCGIFields_198 = 197".
Cancel.c(50): Notify: Saving Parameter "cCGIFields_199 = 203".
Cancel.c(50): Notify: Saving Parameter "cCGIFields_200 = 261".
Cancel.c(50): Notify: Saving Parameter "cCGIFields_201 = 138".
Cancel.c(50): Notify: Saving Parameter "cCGIFields_202 = 81".
Cancel.c(50): Notify: Saving Parameter "cCGIFields_203 = 137".
Cancel.c(50): Notify: Saving Parameter "cCGIFields_204 = 60".
Cancel.c(50): Notify: Saving Parameter "cCGIFields_205 = 321".
Cancel.c(50): Notify: Saving Parameter "cCGIFields_206 = 284".
Cancel.c(50): Notify: Saving Parameter "cCGIFields_207 = 86".
Cancel.c(50): Notify: Saving Parameter "cCGIFields_208 = 247".
Cancel.c(50): Notify: Saving Parameter "cCGIFields_209 = 204".
Cancel.c(50): Notify: Saving Parameter "cCGIFields_210 = 289".
Cancel.c(50): Notify: Saving Parameter "cCGIFields_211 = 165".
Cancel.c(50): Notify: Saving Parameter "cCGIFields_212 = 17".
Cancel.c(50): Notify: Saving Parameter "cCGIFields_213 = 2".
Cancel.c(50): Notify: Saving Parameter "cCGIFields_214 = 186".
Cancel.c(50): Notify: Saving Parameter "cCGIFields_215 = 82".
Cancel.c(50): Notify: Saving Parameter "cCGIFields_216 = 110".
Cancel.c(50): Notify: Saving Parameter "cCGIFields_217 = 147".
Cancel.c(50): Notify: Saving Parameter "cCGIFields_218 = 333".
Cancel.c(50): Notify: Saving Parameter "cCGIFields_219 = 228".
Cancel.c(50): Notify: Saving Parameter "cCGIFields_220 = 323".
Cancel.c(50): Notify: Saving Parameter "cCGIFields_221 = 268".
Cancel.c(50): Notify: Saving Parameter "cCGIFields_222 = 69".
Cancel.c(50): Notify: Saving Parameter "cCGIFields_223 = 112".
Cancel.c(50): Notify: Saving Parameter "cCGIFields_224 = 319".
Cancel.c(50): Notify: Saving Parameter "cCGIFields_225 = 172".
Cancel.c(50): Notify: Saving Parameter "cCGIFields_226 = 191".
Cancel.c(50): Notify: Saving Parameter "cCGIFields_227 = 224".
Cancel.c(50): Notify: Saving Parameter "cCGIFields_228 = 187".
Cancel.c(50): Notify: Saving Parameter "cCGIFields_229 = 223".
Cancel.c(50): Notify: Saving Parameter "cCGIFields_230 = 282".
Cancel.c(50): Notify: Saving Parameter "cCGIFields_231 = 262".
Cancel.c(50): Notify: Saving Parameter "cCGIFields_232 = 79".
Cancel.c(50): Notify: Saving Parameter "cCGIFields_233 = 121".
Cancel.c(50): Notify: Saving Parameter "cCGIFields_234 = 212".
Cancel.c(50): Notify: Saving Parameter "cCGIFields_235 = 126".
Cancel.c(50): Notify: Saving Parameter "cCGIFields_236 = 238".
Cancel.c(50): Notify: Saving Parameter "cCGIFields_237 = 251".
Cancel.c(50): Notify: Saving Parameter "cCGIFields_238 = 253".
Cancel.c(50): Notify: Saving Parameter "cCGIFields_239 = 279".
Cancel.c(50): Notify: Saving Parameter "cCGIFields_240 = 176".
Cancel.c(50): Notify: Saving Parameter "cCGIFields_241 = 209".
Cancel.c(50): Notify: Saving Parameter "cCGIFields_242 = 216".
Cancel.c(50): Notify: Saving Parameter "cCGIFields_243 = 256".
Cancel.c(50): Notify: Saving Parameter "cCGIFields_244 = 117".
Cancel.c(50): Notify: Saving Parameter "cCGIFields_245 = 170".
Cancel.c(50): Notify: Saving Parameter "cCGIFields_246 = 33".
Cancel.c(50): Notify: Saving Parameter "cCGIFields_247 = 63".
Cancel.c(50): Notify: Saving Parameter "cCGIFields_248 = 7".
Cancel.c(50): Notify: Saving Parameter "cCGIFields_249 = 80".
Cancel.c(50): Notify: Saving Parameter "cCGIFields_250 = 26".
Cancel.c(50): Notify: Saving Parameter "cCGIFields_251 = 227".
Cancel.c(50): Notify: Saving Parameter "cCGIFields_252 = 99".
Cancel.c(50): Notify: Saving Parameter "cCGIFields_253 = 72".
Cancel.c(50): Notify: Saving Parameter "cCGIFields_254 = 179".
Cancel.c(50): Notify: Saving Parameter "cCGIFields_255 = 264".
Cancel.c(50): Notify: Saving Parameter "cCGIFields_256 = 255".
Cancel.c(50): Notify: Saving Parameter "cCGIFields_257 = 297".
Cancel.c(50): Notify: Saving Parameter "cCGIFields_258 = 182".
Cancel.c(50): Notify: Saving Parameter "cCGIFields_259 = 108".
Cancel.c(50): Notify: Saving Parameter "cCGIFields_260 = 277".
Cancel.c(50): Notify: Saving Parameter "cCGIFields_261 = 92".
Cancel.c(50): Notify: Saving Parameter "cCGIFields_262 = 232".
Cancel.c(50): Notify: Saving Parameter "cCGIFields_263 = 10".
Cancel.c(50): Notify: Saving Parameter "cCGIFields_264 = 225".
Cancel.c(50): Notify: Saving Parameter "cCGIFields_265 = 330".
Cancel.c(50): Notify: Saving Parameter "cCGIFields_266 = 142".
Cancel.c(50): Notify: Saving Parameter "cCGIFields_267 = 207".
Cancel.c(50): Notify: Saving Parameter "cCGIFields_268 = 263".
Cancel.c(50): Notify: Saving Parameter "cCGIFields_269 = 167".
Cancel.c(50): Notify: Saving Parameter "cCGIFields_270 = 48".
Cancel.c(50): Notify: Saving Parameter "cCGIFields_271 = 133".
Cancel.c(50): Notify: Saving Parameter "cCGIFields_272 = 290".
Cancel.c(50): Notify: Saving Parameter "cCGIFields_273 = 123".
Cancel.c(50): Notify: Saving Parameter "cCGIFields_274 = 149".
Cancel.c(50): Notify: Saving Parameter "cCGIFields_275 = 304".
Cancel.c(50): Notify: Saving Parameter "cCGIFields_276 = 50".
Cancel.c(50): Notify: Saving Parameter "cCGIFields_277 = 210".
Cancel.c(50): Notify: Saving Parameter "cCGIFields_278 = 258".
Cancel.c(50): Notify: Saving Parameter "cCGIFields_279 = 173".
Cancel.c(50): Notify: Saving Parameter "cCGIFields_280 = 56".
Cancel.c(50): Notify: Saving Parameter "cCGIFields_281 = 66".
Cancel.c(50): Notify: Saving Parameter "cCGIFields_282 = 19".
Cancel.c(50): Notify: Saving Parameter "cCGIFields_283 = 293".
Cancel.c(50): Notify: Saving Parameter "cCGIFields_284 = 54".
Cancel.c(50): Notify: Saving Parameter "cCGIFields_285 = 274".
Cancel.c(50): Notify: Saving Parameter "cCGIFields_286 = 306".
Cancel.c(50): Notify: Saving Parameter "cCGIFields_287 = 70".
Cancel.c(50): Notify: Saving Parameter "cCGIFields_288 = 322".
Cancel.c(50): Notify: Saving Parameter "cCGIFields_289 = 166".
Cancel.c(50): Notify: Saving Parameter "cCGIFields_290 = 88".
Cancel.c(50): Notify: Saving Parameter "cCGIFields_291 = 30".
Cancel.c(50): Notify: Saving Parameter "cCGIFields_292 = 141".
Cancel.c(50): Notify: Saving Parameter "cCGIFields_293 = 128".
Cancel.c(50): Notify: Saving Parameter "cCGIFields_294 = 252".
Cancel.c(50): Notify: Saving Parameter "cCGIFields_295 = 28".
Cancel.c(50): Notify: Saving Parameter "cCGIFields_296 = 310".
Cancel.c(50): Notify: Saving Parameter "cCGIFields_297 = 283".
Cancel.c(50): Notify: Saving Parameter "cCGIFields_298 = 75".
Cancel.c(50): Notify: Saving Parameter "cCGIFields_299 = 40".
Cancel.c(50): Notify: Saving Parameter "cCGIFields_300 = 134".
Cancel.c(50): Notify: Saving Parameter "cCGIFields_301 = 156".
Cancel.c(50): Notify: Saving Parameter "cCGIFields_302 = 303".
Cancel.c(50): Notify: Saving Parameter "cCGIFields_303 = 192".
Cancel.c(50): Notify: Saving Parameter "cCGIFields_304 = 250".
Cancel.c(50): Notify: Saving Parameter "cCGIFields_305 = 59".
Cancel.c(50): Notify: Saving Parameter "cCGIFields_306 = 215".
Cancel.c(50): Notify: Saving Parameter "cCGIFields_307 = 278".
Cancel.c(50): Notify: Saving Parameter "cCGIFields_308 = 150".
Cancel.c(50): Notify: Saving Parameter "cCGIFields_309 = 271".
Cancel.c(50): Notify: Saving Parameter "cCGIFields_310 = 130".
Cancel.c(50): Notify: Saving Parameter "cCGIFields_311 = 155".
Cancel.c(50): Notify: Saving Parameter "cCGIFields_312 = 53".
Cancel.c(50): Notify: Saving Parameter "cCGIFields_313 = 245".
Cancel.c(50): Notify: Saving Parameter "cCGIFields_314 = 267".
Cancel.c(50): Notify: Saving Parameter "cCGIFields_315 = 219".
Cancel.c(50): Notify: Saving Parameter "cCGIFields_316 = 318".
Cancel.c(50): Notify: Saving Parameter "cCGIFields_317 = 13".
Cancel.c(50): Notify: Saving Parameter "cCGIFields_318 = 257".
Cancel.c(50): Notify: Saving Parameter "cCGIFields_319 = 105".
Cancel.c(50): Notify: Saving Parameter "cCGIFields_320 = 85".
Cancel.c(50): Notify: Saving Parameter "cCGIFields_321 = 3".
Cancel.c(50): Notify: Saving Parameter "cCGIFields_322 = 185".
Cancel.c(50): Notify: Saving Parameter "cCGIFields_323 = 332".
Cancel.c(50): Notify: Saving Parameter "cCGIFields_324 = 248".
Cancel.c(50): Notify: Saving Parameter "cCGIFields_325 = 111".
Cancel.c(50): Notify: Saving Parameter "cCGIFields_326 = 9".
Cancel.c(50): Notify: Saving Parameter "cCGIFields_327 = 146".
Cancel.c(50): Notify: Saving Parameter "cCGIFields_328 = 38".
Cancel.c(50): Notify: Saving Parameter "cCGIFields_329 = 4".
Cancel.c(50): Notify: Saving Parameter "cCGIFields_330 = 34".
Cancel.c(50): Notify: Saving Parameter "cCGIFields_331 = 164".
Cancel.c(50): Notify: Saving Parameter "cCGIFields_332 = 196".
Cancel.c(50): Notify: Saving Parameter "cCGIFields_333 = 242".
Cancel.c(50): Notify: Saving Parameter "cFlightID_count = 333".
Cancel.c(50): Notify: Saving Parameter "cCGIFields_count = 333".
Cancel.c(50): web_url("Itinerary Button") was successful, 376296 body bytes, 1616 header bytes, 731 chunking overhead bytes  	[MsgId: MMSG-26385]
Cancel.c(62): web_submit_data("itinerary.pl") started  	[MsgId: MMSG-26355]
Cancel.c(62): web_submit_data("itinerary.pl") was successful, 932 body bytes, 255 header bytes, 12 chunking overhead bytes  	[MsgId: MMSG-26385]
Cancel.c(730): web_custom_request("itinerary.pl_2") started  	[MsgId: MMSG-26355]
Cancel.c(730): web_custom_request("itinerary.pl_2") was successful, 932 body bytes, 255 header bytes, 12 chunking overhead bytes  	[MsgId: MMSG-26385]
Cancel.c(772): web_url("SignOff Button") started  	[MsgId: MMSG-26355]
Cancel.c(772): Detected non-resource "http://127.0.0.1:1080/cgi-bin/nav.pl?in=home" in "http://127.0.0.1:1080/cgi-bin/welcome.pl?signOff=1"  	[MsgId: MMSG-26574]
Cancel.c(772): Detected non-resource "http://127.0.0.1:1080/WebTours/home.html" in "http://127.0.0.1:1080/cgi-bin/welcome.pl?signOff=1"  	[MsgId: MMSG-26574]
Cancel.c(772): Retrieving data from cache for "http://127.0.0.1:1080/WebTours/home.html"  	[MsgId: MMSG-26558]
Cancel.c(772): Resource "http://127.0.0.1:1080/WebTours/images/mer_login.gif" is in the cache already and will not be downloaded again  	[MsgId: MMSG-26655]
Cancel.c(772): web_url("SignOff Button") was successful, 2176 body bytes, 582 header bytes, 24 chunking overhead bytes  	[MsgId: MMSG-26385]
Ending action Cancel.
Ending iteration 1.
Ending Vuser...
Starting action vuser_end.
Ending action vuser_end.
Vuser Terminated.
Vuser 0 (thread 4812), ended OK."
