Now We are on iteration ###1
Now We are on iteration ###2
Now We are on iteration ###3
Now We are on iteration ###4
Now We are on iteration ###1
Now We are on iteration ###5
Now We are on iteration ###6
Now We are on iteration ###7
Now We are on iteration ###8
Now We are on iteration ###1
Now We are on iteration ###9
Now We are on iteration ###2
Now We are on iteration ###10
Now We are on iteration ###3
Now We are on iteration ###11
Start auto log messages stack - Iteration 1.	[MsgId: MMSG-10545]
Action.c(15): Found resource "http://demo.borland.com/InsuranceWebExtJS/javascript/serializer.js" in HTML "http://demo.borland.com/InsuranceWebExtJS/agent_lookup.jsf"  	[MsgId: MMSG-26659]
Action.c(15): Resource "http://demo.borland.com/InsuranceWebExtJS/javascript/menu.js" is in the cache already and will not be downloaded again  	[MsgId: MMSG-26655]
Action.c(15): Found resource "http://demo.borland.com/InsuranceWebExtJS/javascript/quoteTable.js" in HTML "http://demo.borland.com/InsuranceWebExtJS/agent_lookup.jsf"  	[MsgId: MMSG-26659]
Action.c(15): Resource "http://demo.borland.com/InsuranceWebExtJS/images/tilesV.png" is in the cache already and will not be downloaded again  	[MsgId: MMSG-26655]
Action.c(15): Error -27721: Step download timeout (120 seconds) has expired when downloading resource "http://demo.borland.com/InsuranceWebExtJS/ext/ext-all-debug.js". Set the "Step Timeout caused by resources is a warning" Runtime Setting to Yes/No to have this message as a warning/error, respectively  	[MsgId: MERR-27721]
End auto log messages stack.	[MsgId: MMSG-10544]


Now We are on iteration ###2
Now We are on iteration ###4
Now We are on iteration ###12
Now We are on iteration ###1
Now We are on iteration ###3
Now We are on iteration ###5
Now We are on iteration ###13
Now We are on iteration ###4
Now We are on iteration ###6
Now We are on iteration ###2
Now We are on iteration ###14
Now We are on iteration ###5
Now We are on iteration ###7
Now We are on iteration ###3
Now We are on iteration ###15
Now We are on iteration ###6
Now We are on iteration ###8
Now We are on iteration ###4
Now We are on iteration ###1
Now We are on iteration ###16
Now We are on iteration ###7
Now We are on iteration ###9
Now We are on iteration ###5
Now We are on iteration ###2
Now We are on iteration ###17
Now We are on iteration ###8
Now We are on iteration ###10
Now We are on iteration ###6
Now We are on iteration ###3
Now We are on iteration ###18
Now We are on iteration ###9
Now We are on iteration ###11
Now We are on iteration ###7
Now We are on iteration ###4
Now We are on iteration ###19
Now We are on iteration ###10
Now We are on iteration ###12
Now We are on iteration ###8
Now We are on iteration ###5
Now We are on iteration ###20
Now We are on iteration ###11
Now We are on iteration ###13
Now We are on iteration ###9
Now We are on iteration ###6
Now We are on iteration ###21
Now We are on iteration ###12
Now We are on iteration ###14
Now We are on iteration ###10
Now We are on iteration ###7
Now We are on iteration ###22
Now We are on iteration ###13
Now We are on iteration ###15
Now We are on iteration ###11
Now We are on iteration ###8
Now We are on iteration ###23
Now We are on iteration ###14
Now We are on iteration ###16
Now We are on iteration ###12
Now We are on iteration ###9
Now We are on iteration ###24
Now We are on iteration ###15
Now We are on iteration ###17
Now We are on iteration ###13
Now We are on iteration ###10
Now We are on iteration ###25
Now We are on iteration ###16
Now We are on iteration ###18
Now We are on iteration ###14
Now We are on iteration ###11
Now We are on iteration ###26
Now We are on iteration ###17
Now We are on iteration ###15
Now We are on iteration ###19
Now We are on iteration ###12
Now We are on iteration ###27
Now We are on iteration ###18
Now We are on iteration ###16
Now We are on iteration ###20
Now We are on iteration ###13
Now We are on iteration ###28
Now We are on iteration ###19
Now We are on iteration ###17
Now We are on iteration ###21
Now We are on iteration ###14
Now We are on iteration ###29
Now We are on iteration ###20
Now We are on iteration ###18
Now We are on iteration ###22
Now We are on iteration ###15
Now We are on iteration ###30
Now We are on iteration ###21
Now We are on iteration ###19
Now We are on iteration ###23
Now We are on iteration ###16
Now We are on iteration ###31
Now We are on iteration ###22
Now We are on iteration ###20
Now We are on iteration ###24
Now We are on iteration ###17
Now We are on iteration ###32
Now We are on iteration ###23
Now We are on iteration ###21
Now We are on iteration ###25
Now We are on iteration ###18
Now We are on iteration ###33
Now We are on iteration ###24
Now We are on iteration ###22
Now We are on iteration ###26
Now We are on iteration ###19
Now We are on iteration ###34
Now We are on iteration ###25
Now We are on iteration ###23
Now We are on iteration ###27
Now We are on iteration ###20
Now We are on iteration ###35
Now We are on iteration ###26
Now We are on iteration ###24
Now We are on iteration ###28
Now We are on iteration ###21
Now We are on iteration ###27
Now We are on iteration ###25
Now We are on iteration ###29
Start auto log messages stack - Iteration 35.	[MsgId: MMSG-10545]
BOR_ModuleApproach.h(94): web_url("Home") was successful, 2573 body bytes, 364 header bytes  	[MsgId: MMSG-26386]
BOR_ModuleApproach.h(108): Notify: Transaction "BOR_SC001_T005_Home" ended with a "Pass" status (Duration: 0.1760 Wasted Time: 0.0001).	[MsgId: MMSG-16871]
Ending action Action.	[MsgId: MMSG-15918]
Ending Vuser...	[MsgId: MMSG-15966]
Starting action vuser_end.	[MsgId: MMSG-15919]
BOR_ModuleApproach.h(115): lr_think_time: 6.00 seconds.	[MsgId: MMSG-15948]
BOR_ModuleApproach.h(116): web_reg_find started  	[MsgId: MMSG-26355]
BOR_ModuleApproach.h(116): Registering web_reg_find was successful  	[MsgId: MMSG-26390]
BOR_ModuleApproach.h(117): Notify: Transaction "BOR_SC001_T006_LogOut" started.	[MsgId: MMSG-16999]
BOR_ModuleApproach.h(118): web_submit_data("LogOut") started  	[MsgId: MMSG-26355]
BOR_ModuleApproach.h(118): Error -26612: HTTP Status-Code=500 (Internal Server Error) for "http://demo.borland.com/InsuranceWebExtJS/index.jsf"  	[MsgId: MERR-26612]
End auto log messages stack.	[MsgId: MMSG-10544]


Now We are on iteration ###22
Now We are on iteration ###28
Now We are on iteration ###26
Now We are on iteration ###30
Now We are on iteration ###23
Now We are on iteration ###29
Now We are on iteration ###27
Now We are on iteration ###31
Now We are on iteration ###24
Now We are on iteration ###28
Now We are on iteration ###32
Now We are on iteration ###25
Start auto log messages stack - Iteration 29.	[MsgId: MMSG-10545]
BOR_ModuleApproach.h(94): web_url("Home") was successful, 2573 body bytes, 364 header bytes  	[MsgId: MMSG-26386]
BOR_ModuleApproach.h(108): Notify: Transaction "BOR_SC001_T005_Home" ended with a "Pass" status (Duration: 0.1740 Wasted Time: 0.0000).	[MsgId: MMSG-16871]
Ending action Action.	[MsgId: MMSG-15918]
Ending Vuser...	[MsgId: MMSG-15966]
Starting action vuser_end.	[MsgId: MMSG-15919]
BOR_ModuleApproach.h(115): lr_think_time: 6.00 seconds.	[MsgId: MMSG-15948]
BOR_ModuleApproach.h(116): web_reg_find started  	[MsgId: MMSG-26355]
BOR_ModuleApproach.h(116): Registering web_reg_find was successful  	[MsgId: MMSG-26390]
BOR_ModuleApproach.h(117): Notify: Transaction "BOR_SC001_T006_LogOut" started.	[MsgId: MMSG-16999]
BOR_ModuleApproach.h(118): web_submit_data("LogOut") started  	[MsgId: MMSG-26355]
BOR_ModuleApproach.h(118): Error -26612: HTTP Status-Code=500 (Internal Server Error) for "http://demo.borland.com/InsuranceWebExtJS/index.jsf"  	[MsgId: MERR-26612]
End auto log messages stack.	[MsgId: MMSG-10544]


Now We are on iteration ###29
Now We are on iteration ###33
Now We are on iteration ###26
Now We are on iteration ###30
Now We are on iteration ###34
Now We are on iteration ###27
Now We are on iteration ###31
Now We are on iteration ###35
Now We are on iteration ###28
Now We are on iteration ###32
Now We are on iteration ###29
Start auto log messages stack - Iteration 35.	[MsgId: MMSG-10545]
BOR_ModuleApproach.h(94): web_url("Home") was successful, 2573 body bytes, 364 header bytes  	[MsgId: MMSG-26386]
BOR_ModuleApproach.h(108): Notify: Transaction "BOR_SC001_T005_Home" ended with a "Pass" status (Duration: 0.1881 Wasted Time: 0.0000).	[MsgId: MMSG-16871]
Ending action Action.	[MsgId: MMSG-15918]
Ending Vuser...	[MsgId: MMSG-15966]
Starting action vuser_end.	[MsgId: MMSG-15919]
BOR_ModuleApproach.h(115): lr_think_time: 6.00 seconds.	[MsgId: MMSG-15948]
BOR_ModuleApproach.h(116): web_reg_find started  	[MsgId: MMSG-26355]
BOR_ModuleApproach.h(116): Registering web_reg_find was successful  	[MsgId: MMSG-26390]
BOR_ModuleApproach.h(117): Notify: Transaction "BOR_SC001_T006_LogOut" started.	[MsgId: MMSG-16999]
BOR_ModuleApproach.h(118): web_submit_data("LogOut") started  	[MsgId: MMSG-26355]
BOR_ModuleApproach.h(118): Error -26612: HTTP Status-Code=500 (Internal Server Error) for "http://demo.borland.com/InsuranceWebExtJS/index.jsf"  	[MsgId: MERR-26612]
End auto log messages stack.	[MsgId: MMSG-10544]


Now We are on iteration ###33
Now We are on iteration ###30
Now We are on iteration ###34
Now We are on iteration ###31
Now We are on iteration ###35
Now We are on iteration ###32
Now We are on iteration ###33
Start auto log messages stack - Iteration 35.	[MsgId: MMSG-10545]
BOR_ModuleApproach.h(94): web_url("Home") was successful, 2573 body bytes, 364 header bytes  	[MsgId: MMSG-26386]
BOR_ModuleApproach.h(108): Notify: Transaction "BOR_SC001_T005_Home" ended with a "Pass" status (Duration: 0.1945 Wasted Time: 0.0000).	[MsgId: MMSG-16871]
Ending action Action.	[MsgId: MMSG-15918]
Ending Vuser...	[MsgId: MMSG-15966]
Starting action vuser_end.	[MsgId: MMSG-15919]
BOR_ModuleApproach.h(115): lr_think_time: 6.00 seconds.	[MsgId: MMSG-15948]
BOR_ModuleApproach.h(116): web_reg_find started  	[MsgId: MMSG-26355]
BOR_ModuleApproach.h(116): Registering web_reg_find was successful  	[MsgId: MMSG-26390]
BOR_ModuleApproach.h(117): Notify: Transaction "BOR_SC001_T006_LogOut" started.	[MsgId: MMSG-16999]
BOR_ModuleApproach.h(118): web_submit_data("LogOut") started  	[MsgId: MMSG-26355]
BOR_ModuleApproach.h(118): Error -26612: HTTP Status-Code=500 (Internal Server Error) for "http://demo.borland.com/InsuranceWebExtJS/index.jsf"  	[MsgId: MERR-26612]
End auto log messages stack.	[MsgId: MMSG-10544]


Now We are on iteration ###34
Now We are on iteration ###35
Start auto log messages stack - Iteration 35.	[MsgId: MMSG-10545]
BOR_ModuleApproach.h(94): web_url("Home") was successful, 2573 body bytes, 364 header bytes  	[MsgId: MMSG-26386]
BOR_ModuleApproach.h(108): Notify: Transaction "BOR_SC001_T005_Home" ended with a "Pass" status (Duration: 0.1728 Wasted Time: 0.0001).	[MsgId: MMSG-16871]
Ending action Action.	[MsgId: MMSG-15918]
Ending Vuser...	[MsgId: MMSG-15966]
Starting action vuser_end.	[MsgId: MMSG-15919]
BOR_ModuleApproach.h(115): lr_think_time: 6.00 seconds.	[MsgId: MMSG-15948]
BOR_ModuleApproach.h(116): web_reg_find started  	[MsgId: MMSG-26355]
BOR_ModuleApproach.h(116): Registering web_reg_find was successful  	[MsgId: MMSG-26390]
BOR_ModuleApproach.h(117): Notify: Transaction "BOR_SC001_T006_LogOut" started.	[MsgId: MMSG-16999]
BOR_ModuleApproach.h(118): web_submit_data("LogOut") started  	[MsgId: MMSG-26355]
BOR_ModuleApproach.h(118): Error -26612: HTTP Status-Code=500 (Internal Server Error) for "http://demo.borland.com/InsuranceWebExtJS/index.jsf"  	[MsgId: MERR-26612]
End auto log messages stack.	[MsgId: MMSG-10544]


