Now We are on iteration ###1
Now We are on iteration ###2
Now We are on iteration ###3
Now We are on iteration ###4
Now We are on iteration ###5
Now We are on iteration ###6
Now We are on iteration ###7
Now We are on iteration ###8
Now We are on iteration ###9
Now We are on iteration ###10
Now We are on iteration ###11
Now We are on iteration ###12
Now We are on iteration ###13
Now We are on iteration ###14
Now We are on iteration ###15
Now We are on iteration ###16
Now We are on iteration ###17
Now We are on iteration ###18
Now We are on iteration ###19
Now We are on iteration ###20
Now We are on iteration ###21
Now We are on iteration ###22
Now We are on iteration ###23
Now We are on iteration ###24
Now We are on iteration ###25
Now We are on iteration ###26
Now We are on iteration ###27
Now We are on iteration ###28
Now We are on iteration ###29
Now We are on iteration ###30
Now We are on iteration ###31
Now We are on iteration ###32
Now We are on iteration ###33
Now We are on iteration ###34
Now We are on iteration ###35
Now We are on iteration ###36
Now We are on iteration ###37
Now We are on iteration ###38
Now We are on iteration ###39
Now We are on iteration ###40
Start auto log messages stack - Iteration 40.	[MsgId: MMSG-10545]
Action.c(36): web_save_timestamp_param("web_save_timestamp_param") was successful  	[MsgId: MMSG-26392]
Action.c(37): Timestamp: 1551587940847	[MsgId: MMSG-17999]
Action.c(38): web_url("quoteData.jsf") started  	[MsgId: MMSG-26355]
Action.c(38): web_url("quoteData.jsf") was successful, 2 body bytes, 326 header bytes  	[MsgId: MMSG-26386]
BOR_ModuleApproach.h(91): lr_think_time: 6.00 seconds.	[MsgId: MMSG-15948]
BOR_ModuleApproach.h(92): web_reg_find started  	[MsgId: MMSG-26355]
BOR_ModuleApproach.h(92): Registering web_reg_find was successful  	[MsgId: MMSG-26390]
BOR_ModuleApproach.h(93): Notify: Transaction "BOR_SC001_T005_Home" started.	[MsgId: MMSG-16999]
BOR_ModuleApproach.h(94): web_url("Home") started  	[MsgId: MMSG-26355]
BOR_ModuleApproach.h(94): Error -27792: Failed to connect to server "demo.borland.com:80": [10060] Connection timed out  	[MsgId: MERR-27792]
End auto log messages stack.	[MsgId: MMSG-10544]


Start auto log messages stack - Iteration 40.	[MsgId: MMSG-10545]
BOR_ModuleApproach.h(94): Notify: Transaction "BOR_SC001_T005_Home" ended with a "Fail" status (Duration: 76.5639).	[MsgId: MMSG-16873]
BOR_ModuleApproach.h(94): Notify: Transaction "BOR_SC001_T005_Home" has 1 error message(s).	[MsgId: MMSG-16818]
BOR_ModuleApproach.h(94): Notify: The 1st error message associated with transaction "BOR_SC001_T005_Home" is "Error -27792: Failed to connect to server "demo.borland.com:80": [10060] Connection timed out"	[MsgId: MMSG-16819]
Ending action Action.	[MsgId: MMSG-15918]
Ending Vuser...	[MsgId: MMSG-15966]
Starting action vuser_end.	[MsgId: MMSG-15919]
BOR_ModuleApproach.h(115): lr_think_time: 6.00 seconds.	[MsgId: MMSG-15948]
BOR_ModuleApproach.h(116): web_reg_find started  	[MsgId: MMSG-26355]
BOR_ModuleApproach.h(116): Registering web_reg_find was successful  	[MsgId: MMSG-26390]
BOR_ModuleApproach.h(117): Notify: Transaction "BOR_SC001_T006_LogOut" started.	[MsgId: MMSG-16999]
BOR_ModuleApproach.h(118): web_submit_data("LogOut") started  	[MsgId: MMSG-26355]
BOR_ModuleApproach.h(118): Error -27792: Failed to connect to server "demo.borland.com:80": [10053] Software caused connection abort  	[MsgId: MERR-27792]
End auto log messages stack.	[MsgId: MMSG-10544]


