Virtual User Script started at: 2/17/2019 10:12:08 PM
Starting action vuser_init.
Web Services replay version 12.60.0 for Windows 10; Toolkit: "NotDefined"; build 971
Runtime Settings file: "C:\Users\Dell\Documents\VuGen\Scripts\WebServices3\\default.cfg"
Vuser directory: "C:\Users\Dell\Documents\VuGen\Scripts\WebServices3"
Vuser output directory: "C:\Users\Dell\Documents\VuGen\Scripts\WebServices3\"
LOCAL start date/time : 2019-02-17 22:12:08
Ending action vuser_init.
Running Vuser...
Starting iteration 1.
Maximum number of concurrent connections per server: 6  	[MsgId: MMSG-26989]
Starting action Action.
Action.c(4): SOAP request "SOAP Request" started
Action.c(4): Notify: Saving Parameter "response = <?xml version="1.0" encoding="utf-8"?>\r\n<soap:Envelope xmlns:soap="http://schemas.xmlsoap.org/soap/envelope/">\r\n  <soap:Body>\r\n    <m:NumberToWordsResponse xmlns:m="http://www.dataaccess.com/webservicesserver/">\r\n      <m:NumberToWordsResult>one hundred </m:NumberToWordsResult>\r\n    </m:NumberToWordsResponse>\r\n  </soap:Body>\r\n</soap:Envelope>".
Action.c(4): SOAP request "SOAP Request" was successful
Action.c(19): Notify: Parameter Substitution: parameter "response" =  "<?xml version="1.0" encoding="utf-8"?>\r\n<soap:Envelope xmlns:soap="http://schemas.xmlsoap.org/soap/envelope/">\r\n  <soap:Body>\r\n    <m:NumberToWordsResponse xmlns:m="http://www.dataaccess.com/webservicesserver/">\r\n      <m:NumberToWordsResult>one hundred </m:NumberToWordsResult>\r\n    </m:NumberToWordsResponse>\r\n  </soap:Body>\r\n</soap:Envelope>"
Action.c(19): Notify: Saving Parameter "OutputParam = one hundred ".
Action.c(19): "lr_xml_get_values" succeeded, 1 match processed
Action.c(24): Notify: Parameter Substitution: parameter "OutputParam" =  "one hundred "
Action.c(24): Query result = one hundred 
Action.c(30): Notify: Parameter Substitution: parameter "response" =  "<?xml version="1.0" encoding="utf-8"?>\r\n<soap:Envelope xmlns:soap="http://schemas.xmlsoap.org/soap/envelope/">\r\n  <soap:Body>\r\n    <m:NumberToWordsResponse xmlns:m="http://www.dataaccess.com/webservicesserver/">\r\n      <m:NumberToWordsResult>one hundred </m:NumberToWordsResult>\r\n    </m:NumberToWordsResponse>\r\n  </soap:Body>\r\n</soap:Envelope>"
Action.c(30): "lr_xml_find" succeeded, 1 match processed
Action.c(37): response success
Ending action Action.
Ending iteration 1.
Ending Vuser...
Starting action vuser_end.
Ending action vuser_end.
Vuser Terminated.
Warning: Extension LrXml.dll reports error -1 on call to function ExtPerThreadTerminate
Warning: Vuser failed to terminate extension.
Vuser 0 (thread 5916), ended OK."
